<?xml version="1.0" encoding="UTF-8"?>
<TestRun id="b2a13dd5-915c-4a25-8f58-5e93a77826ed" name="Yelisey@YELISEY-PROF 2014-12-03 14:39:23" runUser="YELISEY-PROF\Yelisey" xmlns="http://microsoft.com/schemas/VisualStudio/TeamTest/2010">
  <TestSettings name="Local" id="76c1d3dc-dbdc-4067-96fe-7f6ae132dcb8">
    <Description>These are default test settings for a local test run.</Description>
    <Deployment enabled="false" runDeploymentRoot="Yelisey_YELISEY-PROF 2014-12-03 14_39_23">
      <DeploymentItem filename="C:\Program Files (x86)\ASCON\KOMPAS-3D V14\SDK\C#\Automation\AxInterop.KGAXLib.dll" />
      <DeploymentItem filename="C:\Users\Yelisey\Desktop\RSAPR\Новая папка\Shaft\Shaft\bin\Release\Shaft.exe" />
      <DeploymentItem filename="C:\Program Files (x86)\ASCON\KOMPAS-3D V14\SDK\C#\Common\KAPITypes.dll" />
    </Deployment>
    <Execution>
      <TestTypeSpecific />
      <AgentRule name="Execution Agents">
      </AgentRule>
    </Execution>
  </TestSettings>
  <Times creation="2014-12-03T14:39:23.5686791+06:00" queuing="2014-12-03T14:39:23.6157212+06:00" start="2014-12-03T14:39:23.6687687+06:00" finish="2014-12-03T14:40:43.8471768+06:00" />
  <ResultSummary outcome="Failed">
    <Counters total="95" executed="95" passed="2" error="0" failed="44" timeout="0" aborted="0" inconclusive="49" passedButRunAborted="0" notRunnable="0" notExecuted="0" disconnected="0" warning="0" completed="0" inProgress="0" pending="0" />
    <RunInfos>
      <RunInfo computerName="YELISEY-PROF" outcome="Warning" timestamp="2014-12-03T14:39:23.6137190+06:00">
        <Text>Deployment is currently disabled. The deployment item 'Shaft.exe' on test 'ShaftTestProject.MainShaftTest.CutPressPart2Test' was not deployed.</Text>
      </RunInfo>
    </RunInfos>
  </ResultSummary>
  <TestDefinitions>
    <UnitTest name="CutPressPart2Test" storage="c:\users\yelisey\desktop\rsapr\новая папка\shaft\shafttestproject\bin\release\shafttestproject.dll" id="7860d87f-fb4f-47b4-6fce-5fbd724daa6f">
      <DeploymentItems>
        <DeploymentItem filename="Shaft.exe" />
      </DeploymentItems>
      <Execution id="1b2d2836-50f6-4c49-8076-b114d3784bad" />
      <TestMethod codeBase="C:/Users/Yelisey/Desktop/RSAPR/Новая папка/Shaft/ShaftTestProject/bin/Release/ShaftTestProject.DLL" adapterTypeName="Microsoft.VisualStudio.TestTools.TestTypes.Unit.UnitTestAdapter, Microsoft.VisualStudio.QualityTools.Tips.UnitTest.Adapter, Version=10.0.0.0, Culture=neutral, PublicKeyToken=b03f5f7f11d50a3a" className="ShaftTestProject.MainShaftTest, ShaftTestProject, Version=1.0.0.0, Culture=neutral, PublicKeyToken=null" name="CutPressPart2Test" />
    </UnitTest>
    <UnitTest name="PressSecondShaft5Test" storage="c:\users\yelisey\desktop\rsapr\новая папка\shaft\shafttestproject\bin\release\shafttestproject.dll" id="1d58a4d7-1144-0e9d-ad68-b382feaf74c4">
      <DeploymentItems>
        <DeploymentItem filename="Shaft.exe" />
      </DeploymentItems>
      <Execution id="e7fddfa7-1608-4b12-a642-cba030dcc859" />
      <TestMethod codeBase="C:/Users/Yelisey/Desktop/RSAPR/Новая папка/Shaft/ShaftTestProject/bin/Release/ShaftTestProject.DLL" adapterTypeName="Microsoft.VisualStudio.TestTools.TestTypes.Unit.UnitTestAdapter, Microsoft.VisualStudio.QualityTools.Tips.UnitTest.Adapter, Version=10.0.0.0, Culture=neutral, PublicKeyToken=b03f5f7f11d50a3a" className="ShaftTestProject.DrivenShaftFor8HoleTest, ShaftTestProject, Version=1.0.0.0, Culture=neutral, PublicKeyToken=null" name="PressSecondShaft5Test" />
    </UnitTest>
    <UnitTest name="SpecificationData_InformationForSpecificationConstructorTest" storage="c:\users\yelisey\desktop\rsapr\новая папка\shaft\shafttestproject\bin\release\shafttestproject.dll" id="97efb2d1-8907-be84-d929-4b8e1fa3252d">
      <Execution id="31d93a85-af03-4614-a177-4b3e6bb54a2c" />
      <TestMethod codeBase="C:/Users/Yelisey/Desktop/RSAPR/Новая папка/Shaft/ShaftTestProject/bin/Release/ShaftTestProject.DLL" adapterTypeName="Microsoft.VisualStudio.TestTools.TestTypes.Unit.UnitTestAdapter, Microsoft.VisualStudio.QualityTools.Tips.UnitTest.Adapter, Version=10.0.0.0, Culture=neutral, PublicKeyToken=b03f5f7f11d50a3a" className="ShaftTestProject.SpecificationData_InformationForSpecificationTest, ShaftTestProject, Version=1.0.0.0, Culture=neutral, PublicKeyToken=null" name="SpecificationData_InformationForSpecificationConstructorTest" />
    </UnitTest>
    <UnitTest name="MainShaftConstructorTest" storage="c:\users\yelisey\desktop\rsapr\новая папка\shaft\shafttestproject\bin\release\shafttestproject.dll" id="beaa813a-0da9-f2fb-9ff8-77ceae3742f2">
      <DeploymentItems>
        <DeploymentItem filename="Shaft.exe" />
      </DeploymentItems>
      <Execution id="c4cd8f48-2533-42f3-881a-aa201358667e" />
      <TestMethod codeBase="C:/Users/Yelisey/Desktop/RSAPR/Новая папка/Shaft/ShaftTestProject/bin/Release/ShaftTestProject.DLL" adapterTypeName="Microsoft.VisualStudio.TestTools.TestTypes.Unit.UnitTestAdapter, Microsoft.VisualStudio.QualityTools.Tips.UnitTest.Adapter, Version=10.0.0.0, Culture=neutral, PublicKeyToken=b03f5f7f11d50a3a" className="ShaftTestProject.MainShaftTest, ShaftTestProject, Version=1.0.0.0, Culture=neutral, PublicKeyToken=null" name="MainShaftConstructorTest" />
    </UnitTest>
    <UnitTest name="ksSetSpcObjectColumnTextTest" storage="c:\users\yelisey\desktop\rsapr\новая папка\shaft\shafttestproject\bin\release\shafttestproject.dll" id="d7505a51-a3e5-35db-f19d-4214429d10fc">
      <Execution id="38172239-9ede-424e-94fc-b1a3727d2670" />
      <TestMethod codeBase="C:/Users/Yelisey/Desktop/RSAPR/Новая папка/Shaft/ShaftTestProject/bin/Release/ShaftTestProject.DLL" adapterTypeName="Microsoft.VisualStudio.TestTools.TestTypes.Unit.UnitTestAdapter, Microsoft.VisualStudio.QualityTools.Tips.UnitTest.Adapter, Version=10.0.0.0, Culture=neutral, PublicKeyToken=b03f5f7f11d50a3a" className="ShaftTestProject.ksSpecificationTest, ShaftTestProject, Version=1.0.0.0, Culture=neutral, PublicKeyToken=null" name="ksSetSpcObjectColumnTextTest" />
    </UnitTest>
    <UnitTest name="CreateSpecificationTest" storage="c:\users\yelisey\desktop\rsapr\новая папка\shaft\shafttestproject\bin\release\shafttestproject.dll" id="5d4fe109-1ed7-b326-bf9a-b28ae14eb3d7">
      <Execution id="b3da79d2-b841-49f4-b47d-06d7e13f2e93" />
      <TestMethod codeBase="C:/Users/Yelisey/Desktop/RSAPR/Новая папка/Shaft/ShaftTestProject/bin/Release/ShaftTestProject.DLL" adapterTypeName="Microsoft.VisualStudio.TestTools.TestTypes.Unit.UnitTestAdapter, Microsoft.VisualStudio.QualityTools.Tips.UnitTest.Adapter, Version=10.0.0.0, Culture=neutral, PublicKeyToken=b03f5f7f11d50a3a" className="ShaftTestProject.SpecificationGeneralTest, ShaftTestProject, Version=1.0.0.0, Culture=neutral, PublicKeyToken=null" name="CreateSpecificationTest" />
    </UnitTest>
    <UnitTest name="DataContainer8HoleConstructorTest" storage="c:\users\yelisey\desktop\rsapr\новая папка\shaft\shafttestproject\bin\release\shafttestproject.dll" id="e98d5c70-233c-e3ec-3da3-3b4dfc19cf35">
      <Execution id="cc2b6787-e046-4f00-99f8-24d27fda7973" />
      <TestMethod codeBase="C:/Users/Yelisey/Desktop/RSAPR/Новая папка/Shaft/ShaftTestProject/bin/Release/ShaftTestProject.DLL" adapterTypeName="Microsoft.VisualStudio.TestTools.TestTypes.Unit.UnitTestAdapter, Microsoft.VisualStudio.QualityTools.Tips.UnitTest.Adapter, Version=10.0.0.0, Culture=neutral, PublicKeyToken=b03f5f7f11d50a3a" className="ShaftTestProject.DataContainer8HoleTest, ShaftTestProject, Version=1.0.0.0, Culture=neutral, PublicKeyToken=null" name="DataContainer8HoleConstructorTest" />
    </UnitTest>
    <UnitTest name="PressSecondShaftTest" storage="c:\users\yelisey\desktop\rsapr\новая папка\shaft\shafttestproject\bin\release\shafttestproject.dll" id="d238385f-3cb4-1fad-e056-ac0c5beda61f">
      <DeploymentItems>
        <DeploymentItem filename="Shaft.exe" />
      </DeploymentItems>
      <Execution id="646bf5f0-303a-47a9-9525-69ae5ca65e1f" />
      <TestMethod codeBase="C:/Users/Yelisey/Desktop/RSAPR/Новая папка/Shaft/ShaftTestProject/bin/Release/ShaftTestProject.DLL" adapterTypeName="Microsoft.VisualStudio.TestTools.TestTypes.Unit.UnitTestAdapter, Microsoft.VisualStudio.QualityTools.Tips.UnitTest.Adapter, Version=10.0.0.0, Culture=neutral, PublicKeyToken=b03f5f7f11d50a3a" className="ShaftTestProject.MainShaftTest, ShaftTestProject, Version=1.0.0.0, Culture=neutral, PublicKeyToken=null" name="PressSecondShaftTest" />
    </UnitTest>
    <UnitTest name="PressShaftTest" storage="c:\users\yelisey\desktop\rsapr\новая папка\shaft\shafttestproject\bin\release\shafttestproject.dll" id="1ab5b838-f576-53aa-7d34-146c0912b7a1">
      <DeploymentItems>
        <DeploymentItem filename="Shaft.exe" />
      </DeploymentItems>
      <Execution id="e679e485-31c9-4cbe-8f71-200a23bdb9fb" />
      <TestMethod codeBase="C:/Users/Yelisey/Desktop/RSAPR/Новая папка/Shaft/ShaftTestProject/bin/Release/ShaftTestProject.DLL" adapterTypeName="Microsoft.VisualStudio.TestTools.TestTypes.Unit.UnitTestAdapter, Microsoft.VisualStudio.QualityTools.Tips.UnitTest.Adapter, Version=10.0.0.0, Culture=neutral, PublicKeyToken=b03f5f7f11d50a3a" className="ShaftTestProject.MainShaftTest, ShaftTestProject, Version=1.0.0.0, Culture=neutral, PublicKeyToken=null" name="PressShaftTest" />
    </UnitTest>
    <UnitTest name="ShaftCutPress3Test" storage="c:\users\yelisey\desktop\rsapr\новая папка\shaft\shafttestproject\bin\release\shafttestproject.dll" id="51019717-daa4-637d-95ea-98636ad09f7b">
      <DeploymentItems>
        <DeploymentItem filename="Shaft.exe" />
      </DeploymentItems>
      <Execution id="bfe361ce-4461-4f5c-b697-c06b3ceedabf" />
      <TestMethod codeBase="C:/Users/Yelisey/Desktop/RSAPR/Новая папка/Shaft/ShaftTestProject/bin/Release/ShaftTestProject.DLL" adapterTypeName="Microsoft.VisualStudio.TestTools.TestTypes.Unit.UnitTestAdapter, Microsoft.VisualStudio.QualityTools.Tips.UnitTest.Adapter, Version=10.0.0.0, Culture=neutral, PublicKeyToken=b03f5f7f11d50a3a" className="ShaftTestProject.MainShaftTest, ShaftTestProject, Version=1.0.0.0, Culture=neutral, PublicKeyToken=null" name="ShaftCutPress3Test" />
    </UnitTest>
    <UnitTest name="InitializeComponentTest" storage="c:\users\yelisey\desktop\rsapr\новая папка\shaft\shafttestproject\bin\release\shafttestproject.dll" id="bb66ea15-355a-5735-870c-e82208a5e7a4">
      <DeploymentItems>
        <DeploymentItem filename="Shaft.exe" />
      </DeploymentItems>
      <Execution id="b502966a-5b1c-4b6f-9258-743d40236169" />
      <TestMethod codeBase="C:/Users/Yelisey/Desktop/RSAPR/Новая папка/Shaft/ShaftTestProject/bin/Release/ShaftTestProject.DLL" adapterTypeName="Microsoft.VisualStudio.TestTools.TestTypes.Unit.UnitTestAdapter, Microsoft.VisualStudio.QualityTools.Tips.UnitTest.Adapter, Version=10.0.0.0, Culture=neutral, PublicKeyToken=b03f5f7f11d50a3a" className="ShaftTestProject.Form1Test, ShaftTestProject, Version=1.0.0.0, Culture=neutral, PublicKeyToken=null" name="InitializeComponentTest" />
    </UnitTest>
    <UnitTest name="PressSecondShaft2Test" storage="c:\users\yelisey\desktop\rsapr\новая папка\shaft\shafttestproject\bin\release\shafttestproject.dll" id="e44d05e6-4ee4-6e9f-b161-ecccf3960dac">
      <DeploymentItems>
        <DeploymentItem filename="Shaft.exe" />
      </DeploymentItems>
      <Execution id="2b179830-d4bf-4287-a988-d070adfac785" />
      <TestMethod codeBase="C:/Users/Yelisey/Desktop/RSAPR/Новая папка/Shaft/ShaftTestProject/bin/Release/ShaftTestProject.DLL" adapterTypeName="Microsoft.VisualStudio.TestTools.TestTypes.Unit.UnitTestAdapter, Microsoft.VisualStudio.QualityTools.Tips.UnitTest.Adapter, Version=10.0.0.0, Culture=neutral, PublicKeyToken=b03f5f7f11d50a3a" className="ShaftTestProject.DrivenShaftFor8HoleTest, ShaftTestProject, Version=1.0.0.0, Culture=neutral, PublicKeyToken=null" name="PressSecondShaft2Test" />
    </UnitTest>
    <UnitTest name="PressSecondShaft5Test" storage="c:\users\yelisey\desktop\rsapr\новая папка\shaft\shafttestproject\bin\release\shafttestproject.dll" id="b5a04753-7953-3fb6-e4a2-8a771f1a3973">
      <DeploymentItems>
        <DeploymentItem filename="Shaft.exe" />
      </DeploymentItems>
      <Execution id="524bb651-60d3-4784-9fa2-f397ea197b07" />
      <TestMethod codeBase="C:/Users/Yelisey/Desktop/RSAPR/Новая папка/Shaft/ShaftTestProject/bin/Release/ShaftTestProject.DLL" adapterTypeName="Microsoft.VisualStudio.TestTools.TestTypes.Unit.UnitTestAdapter, Microsoft.VisualStudio.QualityTools.Tips.UnitTest.Adapter, Version=10.0.0.0, Culture=neutral, PublicKeyToken=b03f5f7f11d50a3a" className="ShaftTestProject.DrivenShaftTest, ShaftTestProject, Version=1.0.0.0, Culture=neutral, PublicKeyToken=null" name="PressSecondShaft5Test" />
    </UnitTest>
    <UnitTest name="toolStripMenuItem1_ClickTest" storage="c:\users\yelisey\desktop\rsapr\новая папка\shaft\shafttestproject\bin\release\shafttestproject.dll" id="e593dedb-bd8f-877e-3ec8-3c28408ca8b0">
      <DeploymentItems>
        <DeploymentItem filename="Shaft.exe" />
      </DeploymentItems>
      <Execution id="38befbc0-ba42-46a0-ae75-7e7609e47589" />
      <TestMethod codeBase="C:/Users/Yelisey/Desktop/RSAPR/Новая папка/Shaft/ShaftTestProject/bin/Release/ShaftTestProject.DLL" adapterTypeName="Microsoft.VisualStudio.TestTools.TestTypes.Unit.UnitTestAdapter, Microsoft.VisualStudio.QualityTools.Tips.UnitTest.Adapter, Version=10.0.0.0, Culture=neutral, PublicKeyToken=b03f5f7f11d50a3a" className="ShaftTestProject.Form1Test, ShaftTestProject, Version=1.0.0.0, Culture=neutral, PublicKeyToken=null" name="toolStripMenuItem1_ClickTest" />
    </UnitTest>
    <UnitTest name="CutPressObjectTest" storage="c:\users\yelisey\desktop\rsapr\новая папка\shaft\shafttestproject\bin\release\shafttestproject.dll" id="ed782bb3-0dac-9a6f-7b19-5a12d302a20b">
      <DeploymentItems>
        <DeploymentItem filename="Shaft.exe" />
      </DeploymentItems>
      <Execution id="43aa6a06-ac9c-4dc1-bc2f-32f2fb53c106" />
      <TestMethod codeBase="C:/Users/Yelisey/Desktop/RSAPR/Новая папка/Shaft/ShaftTestProject/bin/Release/ShaftTestProject.DLL" adapterTypeName="Microsoft.VisualStudio.TestTools.TestTypes.Unit.UnitTestAdapter, Microsoft.VisualStudio.QualityTools.Tips.UnitTest.Adapter, Version=10.0.0.0, Culture=neutral, PublicKeyToken=b03f5f7f11d50a3a" className="ShaftTestProject.MainShaftTest, ShaftTestProject, Version=1.0.0.0, Culture=neutral, PublicKeyToken=null" name="CutPressObjectTest" />
    </UnitTest>
    <UnitTest name="textBox9_TextChangedTest" storage="c:\users\yelisey\desktop\rsapr\новая папка\shaft\shafttestproject\bin\release\shafttestproject.dll" id="5c9fe26a-a4ec-c87e-f86a-411b34301688">
      <DeploymentItems>
        <DeploymentItem filename="Shaft.exe" />
      </DeploymentItems>
      <Execution id="b5771d9d-5cbc-4f0e-b6c2-d99c0c813430" />
      <TestMethod codeBase="C:/Users/Yelisey/Desktop/RSAPR/Новая папка/Shaft/ShaftTestProject/bin/Release/ShaftTestProject.DLL" adapterTypeName="Microsoft.VisualStudio.TestTools.TestTypes.Unit.UnitTestAdapter, Microsoft.VisualStudio.QualityTools.Tips.UnitTest.Adapter, Version=10.0.0.0, Culture=neutral, PublicKeyToken=b03f5f7f11d50a3a" className="ShaftTestProject.Form1Test, ShaftTestProject, Version=1.0.0.0, Culture=neutral, PublicKeyToken=null" name="textBox9_TextChangedTest" />
    </UnitTest>
    <UnitTest name="CreateShaftTest" storage="c:\users\yelisey\desktop\rsapr\новая папка\shaft\shafttestproject\bin\release\shafttestproject.dll" id="0dea2f95-3801-16ab-ff18-154327fcc719">
      <Execution id="fdd8142c-dfcc-4955-a52a-884953a45542" />
      <TestMethod codeBase="C:/Users/Yelisey/Desktop/RSAPR/Новая папка/Shaft/ShaftTestProject/bin/Release/ShaftTestProject.DLL" adapterTypeName="Microsoft.VisualStudio.TestTools.TestTypes.Unit.UnitTestAdapter, Microsoft.VisualStudio.QualityTools.Tips.UnitTest.Adapter, Version=10.0.0.0, Culture=neutral, PublicKeyToken=b03f5f7f11d50a3a" className="ShaftTestProject.DrivenShaftFor8HoleTest, ShaftTestProject, Version=1.0.0.0, Culture=neutral, PublicKeyToken=null" name="CreateShaftTest" />
    </UnitTest>
    <UnitTest name="textBox3_TextChangedTest" storage="c:\users\yelisey\desktop\rsapr\новая папка\shaft\shafttestproject\bin\release\shafttestproject.dll" id="0e55eac3-e075-1ca4-dd52-a0de80de79b1">
      <DeploymentItems>
        <DeploymentItem filename="Shaft.exe" />
      </DeploymentItems>
      <Execution id="11f5ffeb-5aa2-40d5-b289-750ac9525721" />
      <TestMethod codeBase="C:/Users/Yelisey/Desktop/RSAPR/Новая папка/Shaft/ShaftTestProject/bin/Release/ShaftTestProject.DLL" adapterTypeName="Microsoft.VisualStudio.TestTools.TestTypes.Unit.UnitTestAdapter, Microsoft.VisualStudio.QualityTools.Tips.UnitTest.Adapter, Version=10.0.0.0, Culture=neutral, PublicKeyToken=b03f5f7f11d50a3a" className="ShaftTestProject.Form1Test, ShaftTestProject, Version=1.0.0.0, Culture=neutral, PublicKeyToken=null" name="textBox3_TextChangedTest" />
    </UnitTest>
    <UnitTest name="HeightOfGearTest" storage="c:\users\yelisey\desktop\rsapr\новая папка\shaft\shafttestproject\bin\release\shafttestproject.dll" id="a30fc50e-6244-3f91-aa09-6afebc5cfb10">
      <Execution id="84a0e155-aeff-4a30-bff8-7accc815025e" />
      <TestMethod codeBase="C:/Users/Yelisey/Desktop/RSAPR/Новая папка/Shaft/ShaftTestProject/bin/Release/ShaftTestProject.DLL" adapterTypeName="Microsoft.VisualStudio.TestTools.TestTypes.Unit.UnitTestAdapter, Microsoft.VisualStudio.QualityTools.Tips.UnitTest.Adapter, Version=10.0.0.0, Culture=neutral, PublicKeyToken=b03f5f7f11d50a3a" className="ShaftTestProject.DataContainerTest, ShaftTestProject, Version=1.0.0.0, Culture=neutral, PublicKeyToken=null" name="HeightOfGearTest" />
    </UnitTest>
    <UnitTest name="textBox10_TextChangedTest" storage="c:\users\yelisey\desktop\rsapr\новая папка\shaft\shafttestproject\bin\release\shafttestproject.dll" id="fac88ba4-b17f-7cd2-5dd8-71cedeed6a81">
      <DeploymentItems>
        <DeploymentItem filename="Shaft.exe" />
      </DeploymentItems>
      <Execution id="d782e2d4-b4b1-44ba-934e-aabaf8cddbb0" />
      <TestMethod codeBase="C:/Users/Yelisey/Desktop/RSAPR/Новая папка/Shaft/ShaftTestProject/bin/Release/ShaftTestProject.DLL" adapterTypeName="Microsoft.VisualStudio.TestTools.TestTypes.Unit.UnitTestAdapter, Microsoft.VisualStudio.QualityTools.Tips.UnitTest.Adapter, Version=10.0.0.0, Culture=neutral, PublicKeyToken=b03f5f7f11d50a3a" className="ShaftTestProject.Form1Test, ShaftTestProject, Version=1.0.0.0, Culture=neutral, PublicKeyToken=null" name="textBox10_TextChangedTest" />
    </UnitTest>
    <UnitTest name="WidthSlotsTest" storage="c:\users\yelisey\desktop\rsapr\новая папка\shaft\shafttestproject\bin\release\shafttestproject.dll" id="91424932-3a26-c6fe-09a3-88f9b79ca0f9">
      <Execution id="b5a22da4-9601-4af1-b8fd-cb2f5b7bedce" />
      <TestMethod codeBase="C:/Users/Yelisey/Desktop/RSAPR/Новая папка/Shaft/ShaftTestProject/bin/Release/ShaftTestProject.DLL" adapterTypeName="Microsoft.VisualStudio.TestTools.TestTypes.Unit.UnitTestAdapter, Microsoft.VisualStudio.QualityTools.Tips.UnitTest.Adapter, Version=10.0.0.0, Culture=neutral, PublicKeyToken=b03f5f7f11d50a3a" className="ShaftTestProject.DataContainerTest, ShaftTestProject, Version=1.0.0.0, Culture=neutral, PublicKeyToken=null" name="WidthSlotsTest" />
    </UnitTest>
    <UnitTest name="OusideDiametersTest" storage="c:\users\yelisey\desktop\rsapr\новая папка\shaft\shafttestproject\bin\release\shafttestproject.dll" id="2f7b552e-1569-da82-45e8-585ab85b74cf">
      <Execution id="e30eeb73-4d3d-4068-8805-e0bd243df72e" />
      <TestMethod codeBase="C:/Users/Yelisey/Desktop/RSAPR/Новая папка/Shaft/ShaftTestProject/bin/Release/ShaftTestProject.DLL" adapterTypeName="Microsoft.VisualStudio.TestTools.TestTypes.Unit.UnitTestAdapter, Microsoft.VisualStudio.QualityTools.Tips.UnitTest.Adapter, Version=10.0.0.0, Culture=neutral, PublicKeyToken=b03f5f7f11d50a3a" className="ShaftTestProject.DataContainerTest, ShaftTestProject, Version=1.0.0.0, Culture=neutral, PublicKeyToken=null" name="OusideDiametersTest" />
    </UnitTest>
    <UnitTest name="PressSecondShaft3Test" storage="c:\users\yelisey\desktop\rsapr\новая папка\shaft\shafttestproject\bin\release\shafttestproject.dll" id="49521241-c2ad-f7e7-8e55-9aad12511b55">
      <DeploymentItems>
        <DeploymentItem filename="Shaft.exe" />
      </DeploymentItems>
      <Execution id="2e5b3b23-400b-46e4-b28b-6698db25cfce" />
      <TestMethod codeBase="C:/Users/Yelisey/Desktop/RSAPR/Новая папка/Shaft/ShaftTestProject/bin/Release/ShaftTestProject.DLL" adapterTypeName="Microsoft.VisualStudio.TestTools.TestTypes.Unit.UnitTestAdapter, Microsoft.VisualStudio.QualityTools.Tips.UnitTest.Adapter, Version=10.0.0.0, Culture=neutral, PublicKeyToken=b03f5f7f11d50a3a" className="ShaftTestProject.DrivenShaftFor8HoleTest, ShaftTestProject, Version=1.0.0.0, Culture=neutral, PublicKeyToken=null" name="PressSecondShaft3Test" />
    </UnitTest>
    <UnitTest name="DrivenShaftSamplesTest" storage="c:\users\yelisey\desktop\rsapr\новая папка\shaft\shafttestproject\bin\release\shafttestproject.dll" id="35af2a21-155c-5336-d006-0c1d4d86b43b">
      <Execution id="79d2a44b-d105-44cb-acb9-462c2147a108" />
      <TestMethod codeBase="C:/Users/Yelisey/Desktop/RSAPR/Новая папка/Shaft/ShaftTestProject/bin/Release/ShaftTestProject.DLL" adapterTypeName="Microsoft.VisualStudio.TestTools.TestTypes.Unit.UnitTestAdapter, Microsoft.VisualStudio.QualityTools.Tips.UnitTest.Adapter, Version=10.0.0.0, Culture=neutral, PublicKeyToken=b03f5f7f11d50a3a" className="ShaftTestProject.DataContainerTest, ShaftTestProject, Version=1.0.0.0, Culture=neutral, PublicKeyToken=null" name="DrivenShaftSamplesTest" />
    </UnitTest>
    <UnitTest name="textBox2_TextChangedTest" storage="c:\users\yelisey\desktop\rsapr\новая папка\shaft\shafttestproject\bin\release\shafttestproject.dll" id="fd4da668-316c-9e96-c20a-cf2b54a9e309">
      <DeploymentItems>
        <DeploymentItem filename="Shaft.exe" />
      </DeploymentItems>
      <Execution id="cfaa58f0-4740-4720-83ed-16c83170891d" />
      <TestMethod codeBase="C:/Users/Yelisey/Desktop/RSAPR/Новая папка/Shaft/ShaftTestProject/bin/Release/ShaftTestProject.DLL" adapterTypeName="Microsoft.VisualStudio.TestTools.TestTypes.Unit.UnitTestAdapter, Microsoft.VisualStudio.QualityTools.Tips.UnitTest.Adapter, Version=10.0.0.0, Culture=neutral, PublicKeyToken=b03f5f7f11d50a3a" className="ShaftTestProject.Form1Test, ShaftTestProject, Version=1.0.0.0, Culture=neutral, PublicKeyToken=null" name="textBox2_TextChangedTest" />
    </UnitTest>
    <UnitTest name="DataContainerConstructorTest" storage="c:\users\yelisey\desktop\rsapr\новая папка\shaft\shafttestproject\bin\release\shafttestproject.dll" id="174be65c-0f24-e0a9-9bd3-b0ed5c33e905">
      <Execution id="b1f00ed5-f977-430e-b13d-4c0b343def38" />
      <TestMethod codeBase="C:/Users/Yelisey/Desktop/RSAPR/Новая папка/Shaft/ShaftTestProject/bin/Release/ShaftTestProject.DLL" adapterTypeName="Microsoft.VisualStudio.TestTools.TestTypes.Unit.UnitTestAdapter, Microsoft.VisualStudio.QualityTools.Tips.UnitTest.Adapter, Version=10.0.0.0, Culture=neutral, PublicKeyToken=b03f5f7f11d50a3a" className="ShaftTestProject.DataContainerTest, ShaftTestProject, Version=1.0.0.0, Culture=neutral, PublicKeyToken=null" name="DataContainerConstructorTest" />
    </UnitTest>
    <UnitTest name="CutPressPart3Test" storage="c:\users\yelisey\desktop\rsapr\новая папка\shaft\shafttestproject\bin\release\shafttestproject.dll" id="6f3c7f91-db4e-e129-4fd3-800551b73a45">
      <DeploymentItems>
        <DeploymentItem filename="Shaft.exe" />
      </DeploymentItems>
      <Execution id="2f5465e9-fe1c-4d0a-bc94-eaa23e8170a6" />
      <TestMethod codeBase="C:/Users/Yelisey/Desktop/RSAPR/Новая папка/Shaft/ShaftTestProject/bin/Release/ShaftTestProject.DLL" adapterTypeName="Microsoft.VisualStudio.TestTools.TestTypes.Unit.UnitTestAdapter, Microsoft.VisualStudio.QualityTools.Tips.UnitTest.Adapter, Version=10.0.0.0, Culture=neutral, PublicKeyToken=b03f5f7f11d50a3a" className="ShaftTestProject.MainShaftTest, ShaftTestProject, Version=1.0.0.0, Culture=neutral, PublicKeyToken=null" name="CutPressPart3Test" />
    </UnitTest>
    <UnitTest name="DrivenShaftSamplesTest" storage="c:\users\yelisey\desktop\rsapr\новая папка\shaft\shafttestproject\bin\release\shafttestproject.dll" id="9b3af545-508a-8763-e154-96f42bff9e2d">
      <Execution id="e359f7ac-03e5-4303-b549-330fa32f1a8c" />
      <TestMethod codeBase="C:/Users/Yelisey/Desktop/RSAPR/Новая папка/Shaft/ShaftTestProject/bin/Release/ShaftTestProject.DLL" adapterTypeName="Microsoft.VisualStudio.TestTools.TestTypes.Unit.UnitTestAdapter, Microsoft.VisualStudio.QualityTools.Tips.UnitTest.Adapter, Version=10.0.0.0, Culture=neutral, PublicKeyToken=b03f5f7f11d50a3a" className="ShaftTestProject.DataContainer8HoleTest, ShaftTestProject, Version=1.0.0.0, Culture=neutral, PublicKeyToken=null" name="DrivenShaftSamplesTest" />
    </UnitTest>
    <UnitTest name="PressShaftTest" storage="c:\users\yelisey\desktop\rsapr\новая папка\shaft\shafttestproject\bin\release\shafttestproject.dll" id="530b08c8-8b93-1654-9b53-09c20b06d11b">
      <DeploymentItems>
        <DeploymentItem filename="Shaft.exe" />
      </DeploymentItems>
      <Execution id="d98d2ec6-ec19-4040-9f7f-6d202b5ef9a7" />
      <TestMethod codeBase="C:/Users/Yelisey/Desktop/RSAPR/Новая папка/Shaft/ShaftTestProject/bin/Release/ShaftTestProject.DLL" adapterTypeName="Microsoft.VisualStudio.TestTools.TestTypes.Unit.UnitTestAdapter, Microsoft.VisualStudio.QualityTools.Tips.UnitTest.Adapter, Version=10.0.0.0, Culture=neutral, PublicKeyToken=b03f5f7f11d50a3a" className="ShaftTestProject.DrivenShaftFor8HoleTest, ShaftTestProject, Version=1.0.0.0, Culture=neutral, PublicKeyToken=null" name="PressShaftTest" />
    </UnitTest>
    <UnitTest name="textBox4_TextChangedTest" storage="c:\users\yelisey\desktop\rsapr\новая папка\shaft\shafttestproject\bin\release\shafttestproject.dll" id="cc442b7a-91fe-b2e2-6288-126c0f3fb96a">
      <DeploymentItems>
        <DeploymentItem filename="Shaft.exe" />
      </DeploymentItems>
      <Execution id="2e42e272-8a2f-4bba-a938-696a9438fb26" />
      <TestMethod codeBase="C:/Users/Yelisey/Desktop/RSAPR/Новая папка/Shaft/ShaftTestProject/bin/Release/ShaftTestProject.DLL" adapterTypeName="Microsoft.VisualStudio.TestTools.TestTypes.Unit.UnitTestAdapter, Microsoft.VisualStudio.QualityTools.Tips.UnitTest.Adapter, Version=10.0.0.0, Culture=neutral, PublicKeyToken=b03f5f7f11d50a3a" className="ShaftTestProject.Form1Test, ShaftTestProject, Version=1.0.0.0, Culture=neutral, PublicKeyToken=null" name="textBox4_TextChangedTest" />
    </UnitTest>
    <UnitTest name="PressShaftTest" storage="c:\users\yelisey\desktop\rsapr\новая папка\shaft\shafttestproject\bin\release\shafttestproject.dll" id="9948cd9a-0098-d161-23c2-539b36a507ca">
      <DeploymentItems>
        <DeploymentItem filename="Shaft.exe" />
      </DeploymentItems>
      <Execution id="413d1e75-0340-4e1f-8671-956c6052557a" />
      <TestMethod codeBase="C:/Users/Yelisey/Desktop/RSAPR/Новая папка/Shaft/ShaftTestProject/bin/Release/ShaftTestProject.DLL" adapterTypeName="Microsoft.VisualStudio.TestTools.TestTypes.Unit.UnitTestAdapter, Microsoft.VisualStudio.QualityTools.Tips.UnitTest.Adapter, Version=10.0.0.0, Culture=neutral, PublicKeyToken=b03f5f7f11d50a3a" className="ShaftTestProject.DrivenShaftTest, ShaftTestProject, Version=1.0.0.0, Culture=neutral, PublicKeyToken=null" name="PressShaftTest" />
    </UnitTest>
    <UnitTest name="PressSecondShaft5Test" storage="c:\users\yelisey\desktop\rsapr\новая папка\shaft\shafttestproject\bin\release\shafttestproject.dll" id="07db3a39-6167-d5fd-8f92-ba9cbaca0713">
      <DeploymentItems>
        <DeploymentItem filename="Shaft.exe" />
      </DeploymentItems>
      <Execution id="a4f93fe6-c5ba-4f0d-a4ec-cb7e42399f4e" />
      <TestMethod codeBase="C:/Users/Yelisey/Desktop/RSAPR/Новая папка/Shaft/ShaftTestProject/bin/Release/ShaftTestProject.DLL" adapterTypeName="Microsoft.VisualStudio.TestTools.TestTypes.Unit.UnitTestAdapter, Microsoft.VisualStudio.QualityTools.Tips.UnitTest.Adapter, Version=10.0.0.0, Culture=neutral, PublicKeyToken=b03f5f7f11d50a3a" className="ShaftTestProject.MainShaftTest, ShaftTestProject, Version=1.0.0.0, Culture=neutral, PublicKeyToken=null" name="PressSecondShaft5Test" />
    </UnitTest>
    <UnitTest name="CutBaseTest" storage="c:\users\yelisey\desktop\rsapr\новая папка\shaft\shafttestproject\bin\release\shafttestproject.dll" id="cf4c71c5-8b5d-c27c-33b4-ae50c5bac898">
      <DeploymentItems>
        <DeploymentItem filename="Shaft.exe" />
      </DeploymentItems>
      <Execution id="6c54295c-01dc-4f9e-b7da-e26f48c6b654" />
      <TestMethod codeBase="C:/Users/Yelisey/Desktop/RSAPR/Новая папка/Shaft/ShaftTestProject/bin/Release/ShaftTestProject.DLL" adapterTypeName="Microsoft.VisualStudio.TestTools.TestTypes.Unit.UnitTestAdapter, Microsoft.VisualStudio.QualityTools.Tips.UnitTest.Adapter, Version=10.0.0.0, Culture=neutral, PublicKeyToken=b03f5f7f11d50a3a" className="ShaftTestProject.MainShaftTest, ShaftTestProject, Version=1.0.0.0, Culture=neutral, PublicKeyToken=null" name="CutBaseTest" />
    </UnitTest>
    <UnitTest name="DrivenShaftConstructorTest" storage="c:\users\yelisey\desktop\rsapr\новая папка\shaft\shafttestproject\bin\release\shafttestproject.dll" id="dddfa262-bcb0-b9af-22a6-20d57080e2a0">
      <Execution id="da2ca2e7-302e-4323-b811-61ac80e7d77c" />
      <TestMethod codeBase="C:/Users/Yelisey/Desktop/RSAPR/Новая папка/Shaft/ShaftTestProject/bin/Release/ShaftTestProject.DLL" adapterTypeName="Microsoft.VisualStudio.TestTools.TestTypes.Unit.UnitTestAdapter, Microsoft.VisualStudio.QualityTools.Tips.UnitTest.Adapter, Version=10.0.0.0, Culture=neutral, PublicKeyToken=b03f5f7f11d50a3a" className="ShaftTestProject.DrivenShaftTest, ShaftTestProject, Version=1.0.0.0, Culture=neutral, PublicKeyToken=null" name="DrivenShaftConstructorTest" />
    </UnitTest>
    <UnitTest name="button1_ClickTest" storage="c:\users\yelisey\desktop\rsapr\новая папка\shaft\shafttestproject\bin\release\shafttestproject.dll" id="ef22a61d-29cf-381e-1946-f5dcca8f9e46">
      <DeploymentItems>
        <DeploymentItem filename="Shaft.exe" />
      </DeploymentItems>
      <Execution id="96688dbd-ce2e-4f39-99fd-d0861a7cb668" />
      <TestMethod codeBase="C:/Users/Yelisey/Desktop/RSAPR/Новая папка/Shaft/ShaftTestProject/bin/Release/ShaftTestProject.DLL" adapterTypeName="Microsoft.VisualStudio.TestTools.TestTypes.Unit.UnitTestAdapter, Microsoft.VisualStudio.QualityTools.Tips.UnitTest.Adapter, Version=10.0.0.0, Culture=neutral, PublicKeyToken=b03f5f7f11d50a3a" className="ShaftTestProject.Form1Test, ShaftTestProject, Version=1.0.0.0, Culture=neutral, PublicKeyToken=null" name="button1_ClickTest" />
    </UnitTest>
    <UnitTest name="PressSecondShaftTest" storage="c:\users\yelisey\desktop\rsapr\новая папка\shaft\shafttestproject\bin\release\shafttestproject.dll" id="3f7c3d1c-6307-ce52-b53c-d68d61564c90">
      <DeploymentItems>
        <DeploymentItem filename="Shaft.exe" />
      </DeploymentItems>
      <Execution id="50a6d7a7-5486-4a11-a9bd-5f086e772666" />
      <TestMethod codeBase="C:/Users/Yelisey/Desktop/RSAPR/Новая папка/Shaft/ShaftTestProject/bin/Release/ShaftTestProject.DLL" adapterTypeName="Microsoft.VisualStudio.TestTools.TestTypes.Unit.UnitTestAdapter, Microsoft.VisualStudio.QualityTools.Tips.UnitTest.Adapter, Version=10.0.0.0, Culture=neutral, PublicKeyToken=b03f5f7f11d50a3a" className="ShaftTestProject.DrivenShaftFor8HoleTest, ShaftTestProject, Version=1.0.0.0, Culture=neutral, PublicKeyToken=null" name="PressSecondShaftTest" />
    </UnitTest>
    <UnitTest name="ksSpcCountTest" storage="c:\users\yelisey\desktop\rsapr\новая папка\shaft\shafttestproject\bin\release\shafttestproject.dll" id="0634429f-d846-de8b-b7d3-b72d7b46bb65">
      <Execution id="7900cd63-f15d-41c4-97bd-889f68356d0c" />
      <TestMethod codeBase="C:/Users/Yelisey/Desktop/RSAPR/Новая папка/Shaft/ShaftTestProject/bin/Release/ShaftTestProject.DLL" adapterTypeName="Microsoft.VisualStudio.TestTools.TestTypes.Unit.UnitTestAdapter, Microsoft.VisualStudio.QualityTools.Tips.UnitTest.Adapter, Version=10.0.0.0, Culture=neutral, PublicKeyToken=b03f5f7f11d50a3a" className="ShaftTestProject.ksSpecificationTest, ShaftTestProject, Version=1.0.0.0, Culture=neutral, PublicKeyToken=null" name="ksSpcCountTest" />
    </UnitTest>
    <UnitTest name="CreateSlotsTest" storage="c:\users\yelisey\desktop\rsapr\новая папка\shaft\shafttestproject\bin\release\shafttestproject.dll" id="b1d75003-436a-a755-b815-59d12c15ab43">
      <DeploymentItems>
        <DeploymentItem filename="Shaft.exe" />
      </DeploymentItems>
      <Execution id="d302414a-5380-4d85-a1e9-8d5efaa1f9eb" />
      <TestMethod codeBase="C:/Users/Yelisey/Desktop/RSAPR/Новая папка/Shaft/ShaftTestProject/bin/Release/ShaftTestProject.DLL" adapterTypeName="Microsoft.VisualStudio.TestTools.TestTypes.Unit.UnitTestAdapter, Microsoft.VisualStudio.QualityTools.Tips.UnitTest.Adapter, Version=10.0.0.0, Culture=neutral, PublicKeyToken=b03f5f7f11d50a3a" className="ShaftTestProject.MainShaftTest, ShaftTestProject, Version=1.0.0.0, Culture=neutral, PublicKeyToken=null" name="CreateSlotsTest" />
    </UnitTest>
    <UnitTest name="ManagerConstructorTest" storage="c:\users\yelisey\desktop\rsapr\новая папка\shaft\shafttestproject\bin\release\shafttestproject.dll" id="2c1c911c-1125-b224-6b0c-25a497e852de">
      <Execution id="a5376ea9-f6ca-4da9-ae90-7788286f83f1" />
      <TestMethod codeBase="C:/Users/Yelisey/Desktop/RSAPR/Новая папка/Shaft/ShaftTestProject/bin/Release/ShaftTestProject.DLL" adapterTypeName="Microsoft.VisualStudio.TestTools.TestTypes.Unit.UnitTestAdapter, Microsoft.VisualStudio.QualityTools.Tips.UnitTest.Adapter, Version=10.0.0.0, Culture=neutral, PublicKeyToken=b03f5f7f11d50a3a" className="ShaftTestProject.ManagerTest, ShaftTestProject, Version=1.0.0.0, Culture=neutral, PublicKeyToken=null" name="ManagerConstructorTest" />
    </UnitTest>
    <UnitTest name="SpecificationManagerConstructorTest" storage="c:\users\yelisey\desktop\rsapr\новая папка\shaft\shafttestproject\bin\release\shafttestproject.dll" id="6efa7041-0a70-a87d-0252-501a367db3fc">
      <Execution id="528a9753-4dbf-41a5-9582-ab3663dbdbbb" />
      <TestMethod codeBase="C:/Users/Yelisey/Desktop/RSAPR/Новая папка/Shaft/ShaftTestProject/bin/Release/ShaftTestProject.DLL" adapterTypeName="Microsoft.VisualStudio.TestTools.TestTypes.Unit.UnitTestAdapter, Microsoft.VisualStudio.QualityTools.Tips.UnitTest.Adapter, Version=10.0.0.0, Culture=neutral, PublicKeyToken=b03f5f7f11d50a3a" className="ShaftTestProject.SpecificationManagerTest, ShaftTestProject, Version=1.0.0.0, Culture=neutral, PublicKeyToken=null" name="SpecificationManagerConstructorTest" />
    </UnitTest>
    <UnitTest name="DrivenShaftFor8HoleConstructorTest" storage="c:\users\yelisey\desktop\rsapr\новая папка\shaft\shafttestproject\bin\release\shafttestproject.dll" id="11a9a53b-20bb-726a-27ba-11775bbb2c44">
      <Execution id="3be9736c-9515-4c6a-ac70-6e42a6fffd9b" />
      <TestMethod codeBase="C:/Users/Yelisey/Desktop/RSAPR/Новая папка/Shaft/ShaftTestProject/bin/Release/ShaftTestProject.DLL" adapterTypeName="Microsoft.VisualStudio.TestTools.TestTypes.Unit.UnitTestAdapter, Microsoft.VisualStudio.QualityTools.Tips.UnitTest.Adapter, Version=10.0.0.0, Culture=neutral, PublicKeyToken=b03f5f7f11d50a3a" className="ShaftTestProject.DrivenShaftFor8HoleTest, ShaftTestProject, Version=1.0.0.0, Culture=neutral, PublicKeyToken=null" name="DrivenShaftFor8HoleConstructorTest" />
    </UnitTest>
    <UnitTest name="CutSlotsTest" storage="c:\users\yelisey\desktop\rsapr\новая папка\shaft\shafttestproject\bin\release\shafttestproject.dll" id="5e65a197-18d2-58a3-6492-4c37550e6124">
      <DeploymentItems>
        <DeploymentItem filename="Shaft.exe" />
      </DeploymentItems>
      <Execution id="1a157566-4df2-4044-aabf-14cec13ee713" />
      <TestMethod codeBase="C:/Users/Yelisey/Desktop/RSAPR/Новая папка/Shaft/ShaftTestProject/bin/Release/ShaftTestProject.DLL" adapterTypeName="Microsoft.VisualStudio.TestTools.TestTypes.Unit.UnitTestAdapter, Microsoft.VisualStudio.QualityTools.Tips.UnitTest.Adapter, Version=10.0.0.0, Culture=neutral, PublicKeyToken=b03f5f7f11d50a3a" className="ShaftTestProject.DrivenShaftFor8HoleTest, ShaftTestProject, Version=1.0.0.0, Culture=neutral, PublicKeyToken=null" name="CutSlotsTest" />
    </UnitTest>
    <UnitTest name="PressSecondShaft3Test" storage="c:\users\yelisey\desktop\rsapr\новая папка\shaft\shafttestproject\bin\release\shafttestproject.dll" id="a339769a-f19f-5f9f-8506-3a6dc2f06f7a">
      <DeploymentItems>
        <DeploymentItem filename="Shaft.exe" />
      </DeploymentItems>
      <Execution id="0ac81f7b-3e67-4b29-8d6c-6212435af381" />
      <TestMethod codeBase="C:/Users/Yelisey/Desktop/RSAPR/Новая папка/Shaft/ShaftTestProject/bin/Release/ShaftTestProject.DLL" adapterTypeName="Microsoft.VisualStudio.TestTools.TestTypes.Unit.UnitTestAdapter, Microsoft.VisualStudio.QualityTools.Tips.UnitTest.Adapter, Version=10.0.0.0, Culture=neutral, PublicKeyToken=b03f5f7f11d50a3a" className="ShaftTestProject.DrivenShaftTest, ShaftTestProject, Version=1.0.0.0, Culture=neutral, PublicKeyToken=null" name="PressSecondShaft3Test" />
    </UnitTest>
    <UnitTest name="CutPressPart4Test" storage="c:\users\yelisey\desktop\rsapr\новая папка\shaft\shafttestproject\bin\release\shafttestproject.dll" id="9389fba1-e1cf-e0e1-b16e-2fbf5b66006a">
      <DeploymentItems>
        <DeploymentItem filename="Shaft.exe" />
      </DeploymentItems>
      <Execution id="5a008d4b-f2a8-47b9-b75c-8ed063b76916" />
      <TestMethod codeBase="C:/Users/Yelisey/Desktop/RSAPR/Новая папка/Shaft/ShaftTestProject/bin/Release/ShaftTestProject.DLL" adapterTypeName="Microsoft.VisualStudio.TestTools.TestTypes.Unit.UnitTestAdapter, Microsoft.VisualStudio.QualityTools.Tips.UnitTest.Adapter, Version=10.0.0.0, Culture=neutral, PublicKeyToken=b03f5f7f11d50a3a" className="ShaftTestProject.MainShaftTest, ShaftTestProject, Version=1.0.0.0, Culture=neutral, PublicKeyToken=null" name="CutPressPart4Test" />
    </UnitTest>
    <UnitTest name="PressSecondShaftTest" storage="c:\users\yelisey\desktop\rsapr\новая папка\shaft\shafttestproject\bin\release\shafttestproject.dll" id="9cf2be44-bb36-c2ec-e697-8a039e61eeb0">
      <DeploymentItems>
        <DeploymentItem filename="Shaft.exe" />
      </DeploymentItems>
      <Execution id="e0df41f5-94e8-4fa0-8a40-2d6195b540a1" />
      <TestMethod codeBase="C:/Users/Yelisey/Desktop/RSAPR/Новая папка/Shaft/ShaftTestProject/bin/Release/ShaftTestProject.DLL" adapterTypeName="Microsoft.VisualStudio.TestTools.TestTypes.Unit.UnitTestAdapter, Microsoft.VisualStudio.QualityTools.Tips.UnitTest.Adapter, Version=10.0.0.0, Culture=neutral, PublicKeyToken=b03f5f7f11d50a3a" className="ShaftTestProject.DrivenShaftTest, ShaftTestProject, Version=1.0.0.0, Culture=neutral, PublicKeyToken=null" name="PressSecondShaftTest" />
    </UnitTest>
    <UnitTest name="ShaftCutPress4Test" storage="c:\users\yelisey\desktop\rsapr\новая папка\shaft\shafttestproject\bin\release\shafttestproject.dll" id="90d2e31d-00fe-bd79-9c65-c0f00bc7899a">
      <DeploymentItems>
        <DeploymentItem filename="Shaft.exe" />
      </DeploymentItems>
      <Execution id="486ef500-d46a-4f3c-9a71-7db530af86f1" />
      <TestMethod codeBase="C:/Users/Yelisey/Desktop/RSAPR/Новая папка/Shaft/ShaftTestProject/bin/Release/ShaftTestProject.DLL" adapterTypeName="Microsoft.VisualStudio.TestTools.TestTypes.Unit.UnitTestAdapter, Microsoft.VisualStudio.QualityTools.Tips.UnitTest.Adapter, Version=10.0.0.0, Culture=neutral, PublicKeyToken=b03f5f7f11d50a3a" className="ShaftTestProject.MainShaftTest, ShaftTestProject, Version=1.0.0.0, Culture=neutral, PublicKeyToken=null" name="ShaftCutPress4Test" />
    </UnitTest>
    <UnitTest name="DataContainer4HoleConstructorTest" storage="c:\users\yelisey\desktop\rsapr\новая папка\shaft\shafttestproject\bin\release\shafttestproject.dll" id="92758e3d-f21e-6bdc-d667-242c6602bc2d">
      <Execution id="170b7e41-9d89-435a-9b52-bb705c90b13e" />
      <TestMethod codeBase="C:/Users/Yelisey/Desktop/RSAPR/Новая папка/Shaft/ShaftTestProject/bin/Release/ShaftTestProject.DLL" adapterTypeName="Microsoft.VisualStudio.TestTools.TestTypes.Unit.UnitTestAdapter, Microsoft.VisualStudio.QualityTools.Tips.UnitTest.Adapter, Version=10.0.0.0, Culture=neutral, PublicKeyToken=b03f5f7f11d50a3a" className="ShaftTestProject.DataContainer4HoleTest, ShaftTestProject, Version=1.0.0.0, Culture=neutral, PublicKeyToken=null" name="DataContainer4HoleConstructorTest" />
    </UnitTest>
    <UnitTest name="textBox6_TextChangedTest" storage="c:\users\yelisey\desktop\rsapr\новая папка\shaft\shafttestproject\bin\release\shafttestproject.dll" id="faf9075b-2377-2084-0f96-cba20252970e">
      <DeploymentItems>
        <DeploymentItem filename="Shaft.exe" />
      </DeploymentItems>
      <Execution id="511e99fa-4e23-4d19-b601-36639c89b43f" />
      <TestMethod codeBase="C:/Users/Yelisey/Desktop/RSAPR/Новая папка/Shaft/ShaftTestProject/bin/Release/ShaftTestProject.DLL" adapterTypeName="Microsoft.VisualStudio.TestTools.TestTypes.Unit.UnitTestAdapter, Microsoft.VisualStudio.QualityTools.Tips.UnitTest.Adapter, Version=10.0.0.0, Culture=neutral, PublicKeyToken=b03f5f7f11d50a3a" className="ShaftTestProject.Form1Test, ShaftTestProject, Version=1.0.0.0, Culture=neutral, PublicKeyToken=null" name="textBox6_TextChangedTest" />
    </UnitTest>
    <UnitTest name="OpenKompas3DTest" storage="c:\users\yelisey\desktop\rsapr\новая папка\shaft\shafttestproject\bin\release\shafttestproject.dll" id="23ce1b3e-da8f-1e99-2955-77d7c6deec89">
      <Execution id="58f9f4ef-5e00-4ada-952e-d5c4dff9288c" />
      <TestMethod codeBase="C:/Users/Yelisey/Desktop/RSAPR/Новая папка/Shaft/ShaftTestProject/bin/Release/ShaftTestProject.DLL" adapterTypeName="Microsoft.VisualStudio.TestTools.TestTypes.Unit.UnitTestAdapter, Microsoft.VisualStudio.QualityTools.Tips.UnitTest.Adapter, Version=10.0.0.0, Culture=neutral, PublicKeyToken=b03f5f7f11d50a3a" className="ShaftTestProject.ManagerTest, ShaftTestProject, Version=1.0.0.0, Culture=neutral, PublicKeyToken=null" name="OpenKompas3DTest" />
    </UnitTest>
    <UnitTest name="ShaftCutPressTest" storage="c:\users\yelisey\desktop\rsapr\новая папка\shaft\shafttestproject\bin\release\shafttestproject.dll" id="d376c67c-63af-cf78-db90-577a0883be78">
      <DeploymentItems>
        <DeploymentItem filename="Shaft.exe" />
      </DeploymentItems>
      <Execution id="b6af5de1-b684-4540-93d3-91693813b036" />
      <TestMethod codeBase="C:/Users/Yelisey/Desktop/RSAPR/Новая папка/Shaft/ShaftTestProject/bin/Release/ShaftTestProject.DLL" adapterTypeName="Microsoft.VisualStudio.TestTools.TestTypes.Unit.UnitTestAdapter, Microsoft.VisualStudio.QualityTools.Tips.UnitTest.Adapter, Version=10.0.0.0, Culture=neutral, PublicKeyToken=b03f5f7f11d50a3a" className="ShaftTestProject.MainShaftTest, ShaftTestProject, Version=1.0.0.0, Culture=neutral, PublicKeyToken=null" name="ShaftCutPressTest" />
    </UnitTest>
    <UnitTest name="ksSpcObjectEndTest" storage="c:\users\yelisey\desktop\rsapr\новая папка\shaft\shafttestproject\bin\release\shafttestproject.dll" id="b866ecb4-b898-0e07-4ee8-e67982ee1858">
      <Execution id="01a92c9e-84cc-4714-bb43-2e9ce67bfda2" />
      <TestMethod codeBase="C:/Users/Yelisey/Desktop/RSAPR/Новая папка/Shaft/ShaftTestProject/bin/Release/ShaftTestProject.DLL" adapterTypeName="Microsoft.VisualStudio.TestTools.TestTypes.Unit.UnitTestAdapter, Microsoft.VisualStudio.QualityTools.Tips.UnitTest.Adapter, Version=10.0.0.0, Culture=neutral, PublicKeyToken=b03f5f7f11d50a3a" className="ShaftTestProject.ksSpecificationTest, ShaftTestProject, Version=1.0.0.0, Culture=neutral, PublicKeyToken=null" name="ksSpcObjectEndTest" />
    </UnitTest>
    <UnitTest name="CutSlotsTest" storage="c:\users\yelisey\desktop\rsapr\новая папка\shaft\shafttestproject\bin\release\shafttestproject.dll" id="8424ed0f-1d6a-c2a5-8239-e7b1cbe96fae">
      <DeploymentItems>
        <DeploymentItem filename="Shaft.exe" />
      </DeploymentItems>
      <Execution id="f53c9ebc-f2dc-4b69-8638-dba6af635b11" />
      <TestMethod codeBase="C:/Users/Yelisey/Desktop/RSAPR/Новая папка/Shaft/ShaftTestProject/bin/Release/ShaftTestProject.DLL" adapterTypeName="Microsoft.VisualStudio.TestTools.TestTypes.Unit.UnitTestAdapter, Microsoft.VisualStudio.QualityTools.Tips.UnitTest.Adapter, Version=10.0.0.0, Culture=neutral, PublicKeyToken=b03f5f7f11d50a3a" className="ShaftTestProject.MainShaftTest, ShaftTestProject, Version=1.0.0.0, Culture=neutral, PublicKeyToken=null" name="CutSlotsTest" />
    </UnitTest>
    <UnitTest name="PressSecondShaft4Test" storage="c:\users\yelisey\desktop\rsapr\новая папка\shaft\shafttestproject\bin\release\shafttestproject.dll" id="f8799e58-5b16-e1e6-dcb6-94f4dde30d24">
      <DeploymentItems>
        <DeploymentItem filename="Shaft.exe" />
      </DeploymentItems>
      <Execution id="66df6005-9776-4769-bfa7-18905a9ecae5" />
      <TestMethod codeBase="C:/Users/Yelisey/Desktop/RSAPR/Новая папка/Shaft/ShaftTestProject/bin/Release/ShaftTestProject.DLL" adapterTypeName="Microsoft.VisualStudio.TestTools.TestTypes.Unit.UnitTestAdapter, Microsoft.VisualStudio.QualityTools.Tips.UnitTest.Adapter, Version=10.0.0.0, Culture=neutral, PublicKeyToken=b03f5f7f11d50a3a" className="ShaftTestProject.MainShaftTest, ShaftTestProject, Version=1.0.0.0, Culture=neutral, PublicKeyToken=null" name="PressSecondShaft4Test" />
    </UnitTest>
    <UnitTest name="GetCoordForSlotsTestByFourSlots" storage="c:\users\yelisey\desktop\rsapr\новая папка\shaft\shafttestproject\bin\release\shafttestproject.dll" id="425f9603-679b-d479-d05b-4cb6b292cc2d">
      <Execution id="c3d361bc-df37-4ec3-bbc3-47483b0ad76a" />
      <TestMethod codeBase="C:/Users/Yelisey/Desktop/RSAPR/Новая папка/Shaft/ShaftTestProject/bin/Release/ShaftTestProject.DLL" adapterTypeName="Microsoft.VisualStudio.TestTools.TestTypes.Unit.UnitTestAdapter, Microsoft.VisualStudio.QualityTools.Tips.UnitTest.Adapter, Version=10.0.0.0, Culture=neutral, PublicKeyToken=b03f5f7f11d50a3a" className="ShaftTestProject.MathLogicTest, ShaftTestProject, Version=1.0.0.0, Culture=neutral, PublicKeyToken=null" name="GetCoordForSlotsTestByFourSlots" />
    </UnitTest>
    <UnitTest name="DrivenShaftSamplesTest" storage="c:\users\yelisey\desktop\rsapr\новая папка\shaft\shafttestproject\bin\release\shafttestproject.dll" id="4cdacee6-a63b-a399-303a-33029f2433fe">
      <Execution id="6c1f75ec-a299-4557-b924-13fff5ee1207" />
      <TestMethod codeBase="C:/Users/Yelisey/Desktop/RSAPR/Новая папка/Shaft/ShaftTestProject/bin/Release/ShaftTestProject.DLL" adapterTypeName="Microsoft.VisualStudio.TestTools.TestTypes.Unit.UnitTestAdapter, Microsoft.VisualStudio.QualityTools.Tips.UnitTest.Adapter, Version=10.0.0.0, Culture=neutral, PublicKeyToken=b03f5f7f11d50a3a" className="ShaftTestProject.DataContainer4HoleTest, ShaftTestProject, Version=1.0.0.0, Culture=neutral, PublicKeyToken=null" name="DrivenShaftSamplesTest" />
    </UnitTest>
    <UnitTest name="ksSpcObjectCreateTest" storage="c:\users\yelisey\desktop\rsapr\новая папка\shaft\shafttestproject\bin\release\shafttestproject.dll" id="2d3e054d-069e-b0df-1d88-3803c0243e2b">
      <Execution id="63805ad1-d16c-4692-a501-73a4cad09dde" />
      <TestMethod codeBase="C:/Users/Yelisey/Desktop/RSAPR/Новая папка/Shaft/ShaftTestProject/bin/Release/ShaftTestProject.DLL" adapterTypeName="Microsoft.VisualStudio.TestTools.TestTypes.Unit.UnitTestAdapter, Microsoft.VisualStudio.QualityTools.Tips.UnitTest.Adapter, Version=10.0.0.0, Culture=neutral, PublicKeyToken=b03f5f7f11d50a3a" className="ShaftTestProject.ksSpecificationTest, ShaftTestProject, Version=1.0.0.0, Culture=neutral, PublicKeyToken=null" name="ksSpcObjectCreateTest" />
    </UnitTest>
    <UnitTest name="ThreadStepsTest" storage="c:\users\yelisey\desktop\rsapr\новая папка\shaft\shafttestproject\bin\release\shafttestproject.dll" id="7873fd56-0b18-f000-0bc3-0a70d2268218">
      <Execution id="0a0f890b-7670-4229-a4e3-6bbc3e9041c2" />
      <TestMethod codeBase="C:/Users/Yelisey/Desktop/RSAPR/Новая папка/Shaft/ShaftTestProject/bin/Release/ShaftTestProject.DLL" adapterTypeName="Microsoft.VisualStudio.TestTools.TestTypes.Unit.UnitTestAdapter, Microsoft.VisualStudio.QualityTools.Tips.UnitTest.Adapter, Version=10.0.0.0, Culture=neutral, PublicKeyToken=b03f5f7f11d50a3a" className="ShaftTestProject.DataContainerTest, ShaftTestProject, Version=1.0.0.0, Culture=neutral, PublicKeyToken=null" name="ThreadStepsTest" />
    </UnitTest>
    <UnitTest name="PressSecondShaft4Test" storage="c:\users\yelisey\desktop\rsapr\новая папка\shaft\shafttestproject\bin\release\shafttestproject.dll" id="ecc56b62-9477-b8c2-8846-ff148cea0e59">
      <DeploymentItems>
        <DeploymentItem filename="Shaft.exe" />
      </DeploymentItems>
      <Execution id="ea5d4550-dd85-44c4-a7ba-2357836ad1cc" />
      <TestMethod codeBase="C:/Users/Yelisey/Desktop/RSAPR/Новая папка/Shaft/ShaftTestProject/bin/Release/ShaftTestProject.DLL" adapterTypeName="Microsoft.VisualStudio.TestTools.TestTypes.Unit.UnitTestAdapter, Microsoft.VisualStudio.QualityTools.Tips.UnitTest.Adapter, Version=10.0.0.0, Culture=neutral, PublicKeyToken=b03f5f7f11d50a3a" className="ShaftTestProject.DrivenShaftTest, ShaftTestProject, Version=1.0.0.0, Culture=neutral, PublicKeyToken=null" name="PressSecondShaft4Test" />
    </UnitTest>
    <UnitTest name="ShaftCutPress1Test" storage="c:\users\yelisey\desktop\rsapr\новая папка\shaft\shafttestproject\bin\release\shafttestproject.dll" id="6f2abd7f-96dc-0019-97d7-7540620df412">
      <DeploymentItems>
        <DeploymentItem filename="Shaft.exe" />
      </DeploymentItems>
      <Execution id="ef423aa8-6bfd-4850-a46f-958ebcaca200" />
      <TestMethod codeBase="C:/Users/Yelisey/Desktop/RSAPR/Новая папка/Shaft/ShaftTestProject/bin/Release/ShaftTestProject.DLL" adapterTypeName="Microsoft.VisualStudio.TestTools.TestTypes.Unit.UnitTestAdapter, Microsoft.VisualStudio.QualityTools.Tips.UnitTest.Adapter, Version=10.0.0.0, Culture=neutral, PublicKeyToken=b03f5f7f11d50a3a" className="ShaftTestProject.MainShaftTest, ShaftTestProject, Version=1.0.0.0, Culture=neutral, PublicKeyToken=null" name="ShaftCutPress1Test" />
    </UnitTest>
    <UnitTest name="PressSecondShaft4Test" storage="c:\users\yelisey\desktop\rsapr\новая папка\shaft\shafttestproject\bin\release\shafttestproject.dll" id="0b8d1b65-b1af-4b18-0164-9321314a81db">
      <DeploymentItems>
        <DeploymentItem filename="Shaft.exe" />
      </DeploymentItems>
      <Execution id="7483b20f-09c9-4044-9728-20144bb9aec2" />
      <TestMethod codeBase="C:/Users/Yelisey/Desktop/RSAPR/Новая папка/Shaft/ShaftTestProject/bin/Release/ShaftTestProject.DLL" adapterTypeName="Microsoft.VisualStudio.TestTools.TestTypes.Unit.UnitTestAdapter, Microsoft.VisualStudio.QualityTools.Tips.UnitTest.Adapter, Version=10.0.0.0, Culture=neutral, PublicKeyToken=b03f5f7f11d50a3a" className="ShaftTestProject.DrivenShaftFor8HoleTest, ShaftTestProject, Version=1.0.0.0, Culture=neutral, PublicKeyToken=null" name="PressSecondShaft4Test" />
    </UnitTest>
    <UnitTest name="CutForSecondShaftTest" storage="c:\users\yelisey\desktop\rsapr\новая папка\shaft\shafttestproject\bin\release\shafttestproject.dll" id="c1657180-3b74-bac2-7539-7c113940f140">
      <DeploymentItems>
        <DeploymentItem filename="Shaft.exe" />
      </DeploymentItems>
      <Execution id="6bd06c5f-1c98-41a5-871e-938885c02d06" />
      <TestMethod codeBase="C:/Users/Yelisey/Desktop/RSAPR/Новая папка/Shaft/ShaftTestProject/bin/Release/ShaftTestProject.DLL" adapterTypeName="Microsoft.VisualStudio.TestTools.TestTypes.Unit.UnitTestAdapter, Microsoft.VisualStudio.QualityTools.Tips.UnitTest.Adapter, Version=10.0.0.0, Culture=neutral, PublicKeyToken=b03f5f7f11d50a3a" className="ShaftTestProject.MainShaftTest, ShaftTestProject, Version=1.0.0.0, Culture=neutral, PublicKeyToken=null" name="CutForSecondShaftTest" />
    </UnitTest>
    <UnitTest name="DisposeTest" storage="c:\users\yelisey\desktop\rsapr\новая папка\shaft\shafttestproject\bin\release\shafttestproject.dll" id="36074daa-72de-f39c-e893-7e848f0bd11f">
      <DeploymentItems>
        <DeploymentItem filename="Shaft.exe" />
      </DeploymentItems>
      <Execution id="71d8f87e-4d87-4289-884b-2ba037bcf816" />
      <TestMethod codeBase="C:/Users/Yelisey/Desktop/RSAPR/Новая папка/Shaft/ShaftTestProject/bin/Release/ShaftTestProject.DLL" adapterTypeName="Microsoft.VisualStudio.TestTools.TestTypes.Unit.UnitTestAdapter, Microsoft.VisualStudio.QualityTools.Tips.UnitTest.Adapter, Version=10.0.0.0, Culture=neutral, PublicKeyToken=b03f5f7f11d50a3a" className="ShaftTestProject.Form1Test, ShaftTestProject, Version=1.0.0.0, Culture=neutral, PublicKeyToken=null" name="DisposeTest" />
    </UnitTest>
    <UnitTest name="CreateBaseTest" storage="c:\users\yelisey\desktop\rsapr\новая папка\shaft\shafttestproject\bin\release\shafttestproject.dll" id="03a0b927-981e-3278-4d0a-78f226686ad2">
      <DeploymentItems>
        <DeploymentItem filename="Shaft.exe" />
      </DeploymentItems>
      <Execution id="09cf30e2-ed84-4da6-94cd-c7b24dd9025f" />
      <TestMethod codeBase="C:/Users/Yelisey/Desktop/RSAPR/Новая папка/Shaft/ShaftTestProject/bin/Release/ShaftTestProject.DLL" adapterTypeName="Microsoft.VisualStudio.TestTools.TestTypes.Unit.UnitTestAdapter, Microsoft.VisualStudio.QualityTools.Tips.UnitTest.Adapter, Version=10.0.0.0, Culture=neutral, PublicKeyToken=b03f5f7f11d50a3a" className="ShaftTestProject.MainShaftTest, ShaftTestProject, Version=1.0.0.0, Culture=neutral, PublicKeyToken=null" name="CreateBaseTest" />
    </UnitTest>
    <UnitTest name="безСпецификацииToolStripMenuItem_ClickTest" storage="c:\users\yelisey\desktop\rsapr\новая папка\shaft\shafttestproject\bin\release\shafttestproject.dll" id="de3b0c2b-0a58-9aba-c381-204d8f6c5f44">
      <DeploymentItems>
        <DeploymentItem filename="Shaft.exe" />
      </DeploymentItems>
      <Execution id="dcede741-fc21-4a59-8af3-9e5a5cf35e67" />
      <TestMethod codeBase="C:/Users/Yelisey/Desktop/RSAPR/Новая папка/Shaft/ShaftTestProject/bin/Release/ShaftTestProject.DLL" adapterTypeName="Microsoft.VisualStudio.TestTools.TestTypes.Unit.UnitTestAdapter, Microsoft.VisualStudio.QualityTools.Tips.UnitTest.Adapter, Version=10.0.0.0, Culture=neutral, PublicKeyToken=b03f5f7f11d50a3a" className="ShaftTestProject.Form1Test, ShaftTestProject, Version=1.0.0.0, Culture=neutral, PublicKeyToken=null" name="безСпецификацииToolStripMenuItem_ClickTest" />
    </UnitTest>
    <UnitTest name="textBox1_TextChangedTest" storage="c:\users\yelisey\desktop\rsapr\новая папка\shaft\shafttestproject\bin\release\shafttestproject.dll" id="315613a4-2134-86ba-21b6-2c57a00c6e07">
      <DeploymentItems>
        <DeploymentItem filename="Shaft.exe" />
      </DeploymentItems>
      <Execution id="839c2ae7-ed0a-45aa-ab67-35b0b055a690" />
      <TestMethod codeBase="C:/Users/Yelisey/Desktop/RSAPR/Новая папка/Shaft/ShaftTestProject/bin/Release/ShaftTestProject.DLL" adapterTypeName="Microsoft.VisualStudio.TestTools.TestTypes.Unit.UnitTestAdapter, Microsoft.VisualStudio.QualityTools.Tips.UnitTest.Adapter, Version=10.0.0.0, Culture=neutral, PublicKeyToken=b03f5f7f11d50a3a" className="ShaftTestProject.Form1Test, ShaftTestProject, Version=1.0.0.0, Culture=neutral, PublicKeyToken=null" name="textBox1_TextChangedTest" />
    </UnitTest>
    <UnitTest name="CutByPressTest" storage="c:\users\yelisey\desktop\rsapr\новая папка\shaft\shafttestproject\bin\release\shafttestproject.dll" id="31c1885f-469b-5f19-888e-a7ca9b1a224c">
      <DeploymentItems>
        <DeploymentItem filename="Shaft.exe" />
      </DeploymentItems>
      <Execution id="3ebc921e-77a9-42d9-8969-33f78be49577" />
      <TestMethod codeBase="C:/Users/Yelisey/Desktop/RSAPR/Новая папка/Shaft/ShaftTestProject/bin/Release/ShaftTestProject.DLL" adapterTypeName="Microsoft.VisualStudio.TestTools.TestTypes.Unit.UnitTestAdapter, Microsoft.VisualStudio.QualityTools.Tips.UnitTest.Adapter, Version=10.0.0.0, Culture=neutral, PublicKeyToken=b03f5f7f11d50a3a" className="ShaftTestProject.MainShaftTest, ShaftTestProject, Version=1.0.0.0, Culture=neutral, PublicKeyToken=null" name="CutByPressTest" />
    </UnitTest>
    <UnitTest name="PressSecondShaft2Test" storage="c:\users\yelisey\desktop\rsapr\новая папка\shaft\shafttestproject\bin\release\shafttestproject.dll" id="c12dd1e5-ff50-1def-0e0b-a7b2fdb0c829">
      <DeploymentItems>
        <DeploymentItem filename="Shaft.exe" />
      </DeploymentItems>
      <Execution id="3a4f6fbc-b7b5-43e0-9706-2541cf1dea3f" />
      <TestMethod codeBase="C:/Users/Yelisey/Desktop/RSAPR/Новая папка/Shaft/ShaftTestProject/bin/Release/ShaftTestProject.DLL" adapterTypeName="Microsoft.VisualStudio.TestTools.TestTypes.Unit.UnitTestAdapter, Microsoft.VisualStudio.QualityTools.Tips.UnitTest.Adapter, Version=10.0.0.0, Culture=neutral, PublicKeyToken=b03f5f7f11d50a3a" className="ShaftTestProject.DrivenShaftTest, ShaftTestProject, Version=1.0.0.0, Culture=neutral, PublicKeyToken=null" name="PressSecondShaft2Test" />
    </UnitTest>
    <UnitTest name="DataContainer_InformationAboutShaftConstructorTest" storage="c:\users\yelisey\desktop\rsapr\новая папка\shaft\shafttestproject\bin\release\shafttestproject.dll" id="ce9481f9-4cb6-20fb-6bb3-13db180c863b">
      <Execution id="b9301877-0f35-4a4f-9867-384e956cfafd" />
      <TestMethod codeBase="C:/Users/Yelisey/Desktop/RSAPR/Новая папка/Shaft/ShaftTestProject/bin/Release/ShaftTestProject.DLL" adapterTypeName="Microsoft.VisualStudio.TestTools.TestTypes.Unit.UnitTestAdapter, Microsoft.VisualStudio.QualityTools.Tips.UnitTest.Adapter, Version=10.0.0.0, Culture=neutral, PublicKeyToken=b03f5f7f11d50a3a" className="ShaftTestProject.DataContainer_InformationAboutShaftTest, ShaftTestProject, Version=1.0.0.0, Culture=neutral, PublicKeyToken=null" name="DataContainer_InformationAboutShaftConstructorTest" />
    </UnitTest>
    <UnitTest name="ShaftCutPress2Test" storage="c:\users\yelisey\desktop\rsapr\новая папка\shaft\shafttestproject\bin\release\shafttestproject.dll" id="d7176968-2ca8-a303-3f04-c54deeeb5eb0">
      <DeploymentItems>
        <DeploymentItem filename="Shaft.exe" />
      </DeploymentItems>
      <Execution id="996f55e0-eef8-47cd-83b6-f2452d7b0fb6" />
      <TestMethod codeBase="C:/Users/Yelisey/Desktop/RSAPR/Новая папка/Shaft/ShaftTestProject/bin/Release/ShaftTestProject.DLL" adapterTypeName="Microsoft.VisualStudio.TestTools.TestTypes.Unit.UnitTestAdapter, Microsoft.VisualStudio.QualityTools.Tips.UnitTest.Adapter, Version=10.0.0.0, Culture=neutral, PublicKeyToken=b03f5f7f11d50a3a" className="ShaftTestProject.MainShaftTest, ShaftTestProject, Version=1.0.0.0, Culture=neutral, PublicKeyToken=null" name="ShaftCutPress2Test" />
    </UnitTest>
    <UnitTest name="SpecificationDataConstructorTest" storage="c:\users\yelisey\desktop\rsapr\новая папка\shaft\shafttestproject\bin\release\shafttestproject.dll" id="b84fe6c8-73af-f0a2-4a45-74e2043065a4">
      <Execution id="88f3d509-bda3-44e5-acea-3fe693098ebb" />
      <TestMethod codeBase="C:/Users/Yelisey/Desktop/RSAPR/Новая папка/Shaft/ShaftTestProject/bin/Release/ShaftTestProject.DLL" adapterTypeName="Microsoft.VisualStudio.TestTools.TestTypes.Unit.UnitTestAdapter, Microsoft.VisualStudio.QualityTools.Tips.UnitTest.Adapter, Version=10.0.0.0, Culture=neutral, PublicKeyToken=b03f5f7f11d50a3a" className="ShaftTestProject.SpecificationDataTest, ShaftTestProject, Version=1.0.0.0, Culture=neutral, PublicKeyToken=null" name="SpecificationDataConstructorTest" />
    </UnitTest>
    <UnitTest name="InitSceneTest" storage="c:\users\yelisey\desktop\rsapr\новая папка\shaft\shafttestproject\bin\release\shafttestproject.dll" id="5eb1a5ac-152c-babb-c45c-e13677b7a243">
      <Execution id="ebf44f34-c25e-4a82-a72c-d3a50661ccfa" />
      <TestMethod codeBase="C:/Users/Yelisey/Desktop/RSAPR/Новая папка/Shaft/ShaftTestProject/bin/Release/ShaftTestProject.DLL" adapterTypeName="Microsoft.VisualStudio.TestTools.TestTypes.Unit.UnitTestAdapter, Microsoft.VisualStudio.QualityTools.Tips.UnitTest.Adapter, Version=10.0.0.0, Culture=neutral, PublicKeyToken=b03f5f7f11d50a3a" className="ShaftTestProject.ManagerTest, ShaftTestProject, Version=1.0.0.0, Culture=neutral, PublicKeyToken=null" name="InitSceneTest" />
    </UnitTest>
    <UnitTest name="textBox5_TextChangedTest" storage="c:\users\yelisey\desktop\rsapr\новая папка\shaft\shafttestproject\bin\release\shafttestproject.dll" id="f303af86-3843-2e9e-d5dc-24e69185b6dd">
      <DeploymentItems>
        <DeploymentItem filename="Shaft.exe" />
      </DeploymentItems>
      <Execution id="6e56c8cf-8cb5-41fd-b935-719e565c67c9" />
      <TestMethod codeBase="C:/Users/Yelisey/Desktop/RSAPR/Новая папка/Shaft/ShaftTestProject/bin/Release/ShaftTestProject.DLL" adapterTypeName="Microsoft.VisualStudio.TestTools.TestTypes.Unit.UnitTestAdapter, Microsoft.VisualStudio.QualityTools.Tips.UnitTest.Adapter, Version=10.0.0.0, Culture=neutral, PublicKeyToken=b03f5f7f11d50a3a" className="ShaftTestProject.Form1Test, ShaftTestProject, Version=1.0.0.0, Culture=neutral, PublicKeyToken=null" name="textBox5_TextChangedTest" />
    </UnitTest>
    <UnitTest name="PressBaseTest" storage="c:\users\yelisey\desktop\rsapr\новая папка\shaft\shafttestproject\bin\release\shafttestproject.dll" id="c63c9d72-c3d9-ca84-6d26-d59d05cf8f17">
      <DeploymentItems>
        <DeploymentItem filename="Shaft.exe" />
      </DeploymentItems>
      <Execution id="baf42945-5cc1-4581-bf7e-f38a5dadc862" />
      <TestMethod codeBase="C:/Users/Yelisey/Desktop/RSAPR/Новая папка/Shaft/ShaftTestProject/bin/Release/ShaftTestProject.DLL" adapterTypeName="Microsoft.VisualStudio.TestTools.TestTypes.Unit.UnitTestAdapter, Microsoft.VisualStudio.QualityTools.Tips.UnitTest.Adapter, Version=10.0.0.0, Culture=neutral, PublicKeyToken=b03f5f7f11d50a3a" className="ShaftTestProject.MainShaftTest, ShaftTestProject, Version=1.0.0.0, Culture=neutral, PublicKeyToken=null" name="PressBaseTest" />
    </UnitTest>
    <UnitTest name="CutObjectTest" storage="c:\users\yelisey\desktop\rsapr\новая папка\shaft\shafttestproject\bin\release\shafttestproject.dll" id="7a354be7-9d79-adbd-ef71-b56827ba4fcf">
      <DeploymentItems>
        <DeploymentItem filename="Shaft.exe" />
      </DeploymentItems>
      <Execution id="df0c16d5-1c73-497b-95fc-79d72caaa5f7" />
      <TestMethod codeBase="C:/Users/Yelisey/Desktop/RSAPR/Новая папка/Shaft/ShaftTestProject/bin/Release/ShaftTestProject.DLL" adapterTypeName="Microsoft.VisualStudio.TestTools.TestTypes.Unit.UnitTestAdapter, Microsoft.VisualStudio.QualityTools.Tips.UnitTest.Adapter, Version=10.0.0.0, Culture=neutral, PublicKeyToken=b03f5f7f11d50a3a" className="ShaftTestProject.MainShaftTest, ShaftTestProject, Version=1.0.0.0, Culture=neutral, PublicKeyToken=null" name="CutObjectTest" />
    </UnitTest>
    <UnitTest name="MainShaftConstructorTest1" storage="c:\users\yelisey\desktop\rsapr\новая папка\shaft\shafttestproject\bin\release\shafttestproject.dll" id="73b5c701-5b4c-7609-18f0-998d7642eaf6">
      <Execution id="032bca06-14a3-4550-9bf5-47ac21d6f8f8" />
      <TestMethod codeBase="C:/Users/Yelisey/Desktop/RSAPR/Новая папка/Shaft/ShaftTestProject/bin/Release/ShaftTestProject.DLL" adapterTypeName="Microsoft.VisualStudio.TestTools.TestTypes.Unit.UnitTestAdapter, Microsoft.VisualStudio.QualityTools.Tips.UnitTest.Adapter, Version=10.0.0.0, Culture=neutral, PublicKeyToken=b03f5f7f11d50a3a" className="ShaftTestProject.MainShaftTest, ShaftTestProject, Version=1.0.0.0, Culture=neutral, PublicKeyToken=null" name="MainShaftConstructorTest1" />
    </UnitTest>
    <UnitTest name="CreateShaftTest" storage="c:\users\yelisey\desktop\rsapr\новая папка\shaft\shafttestproject\bin\release\shafttestproject.dll" id="4bd913d7-5c96-d978-9ae4-b49ff08bdcb0">
      <Execution id="f560751d-e3cd-4178-9ebb-4361bfe17031" />
      <TestMethod codeBase="C:/Users/Yelisey/Desktop/RSAPR/Новая папка/Shaft/ShaftTestProject/bin/Release/ShaftTestProject.DLL" adapterTypeName="Microsoft.VisualStudio.TestTools.TestTypes.Unit.UnitTestAdapter, Microsoft.VisualStudio.QualityTools.Tips.UnitTest.Adapter, Version=10.0.0.0, Culture=neutral, PublicKeyToken=b03f5f7f11d50a3a" className="ShaftTestProject.MainShaftTest, ShaftTestProject, Version=1.0.0.0, Culture=neutral, PublicKeyToken=null" name="CreateShaftTest" />
    </UnitTest>
    <UnitTest name="BaseDiametersTest" storage="c:\users\yelisey\desktop\rsapr\новая папка\shaft\shafttestproject\bin\release\shafttestproject.dll" id="105d78a9-014e-786b-5eaa-cea054357668">
      <Execution id="6397f040-ee6f-4df7-b6d3-0935adb6963c" />
      <TestMethod codeBase="C:/Users/Yelisey/Desktop/RSAPR/Новая папка/Shaft/ShaftTestProject/bin/Release/ShaftTestProject.DLL" adapterTypeName="Microsoft.VisualStudio.TestTools.TestTypes.Unit.UnitTestAdapter, Microsoft.VisualStudio.QualityTools.Tips.UnitTest.Adapter, Version=10.0.0.0, Culture=neutral, PublicKeyToken=b03f5f7f11d50a3a" className="ShaftTestProject.DataContainerTest, ShaftTestProject, Version=1.0.0.0, Culture=neutral, PublicKeyToken=null" name="BaseDiametersTest" />
    </UnitTest>
    <UnitTest name="GetCoordForSlotsTestBySixSlots" storage="c:\users\yelisey\desktop\rsapr\новая папка\shaft\shafttestproject\bin\release\shafttestproject.dll" id="f7adb752-fb77-acd0-2377-b23e85c6a916">
      <Execution id="8137e352-ad60-46c3-b1d9-f431dc9bdc97" />
      <TestMethod codeBase="C:/Users/Yelisey/Desktop/RSAPR/Новая папка/Shaft/ShaftTestProject/bin/Release/ShaftTestProject.DLL" adapterTypeName="Microsoft.VisualStudio.TestTools.TestTypes.Unit.UnitTestAdapter, Microsoft.VisualStudio.QualityTools.Tips.UnitTest.Adapter, Version=10.0.0.0, Culture=neutral, PublicKeyToken=b03f5f7f11d50a3a" className="ShaftTestProject.MathLogicTest, ShaftTestProject, Version=1.0.0.0, Culture=neutral, PublicKeyToken=null" name="GetCoordForSlotsTestBySixSlots" />
    </UnitTest>
    <UnitTest name="ThreadDiametersTest" storage="c:\users\yelisey\desktop\rsapr\новая папка\shaft\shafttestproject\bin\release\shafttestproject.dll" id="23f65e02-ea54-64ca-87a5-06c1728141ea">
      <Execution id="29a52c92-77ab-4f26-b91a-a5bff2a5534f" />
      <TestMethod codeBase="C:/Users/Yelisey/Desktop/RSAPR/Новая папка/Shaft/ShaftTestProject/bin/Release/ShaftTestProject.DLL" adapterTypeName="Microsoft.VisualStudio.TestTools.TestTypes.Unit.UnitTestAdapter, Microsoft.VisualStudio.QualityTools.Tips.UnitTest.Adapter, Version=10.0.0.0, Culture=neutral, PublicKeyToken=b03f5f7f11d50a3a" className="ShaftTestProject.DataContainerTest, ShaftTestProject, Version=1.0.0.0, Culture=neutral, PublicKeyToken=null" name="ThreadDiametersTest" />
    </UnitTest>
    <UnitTest name="HeightOfShaftTest" storage="c:\users\yelisey\desktop\rsapr\новая папка\shaft\shafttestproject\bin\release\shafttestproject.dll" id="16e8ddda-69fd-3ac0-634e-757b48c37eb2">
      <Execution id="b106749a-86a4-4b5a-a854-2da2ca2a08bd" />
      <TestMethod codeBase="C:/Users/Yelisey/Desktop/RSAPR/Новая папка/Shaft/ShaftTestProject/bin/Release/ShaftTestProject.DLL" adapterTypeName="Microsoft.VisualStudio.TestTools.TestTypes.Unit.UnitTestAdapter, Microsoft.VisualStudio.QualityTools.Tips.UnitTest.Adapter, Version=10.0.0.0, Culture=neutral, PublicKeyToken=b03f5f7f11d50a3a" className="ShaftTestProject.DataContainerTest, ShaftTestProject, Version=1.0.0.0, Culture=neutral, PublicKeyToken=null" name="HeightOfShaftTest" />
    </UnitTest>
    <UnitTest name="CreateStampTest" storage="c:\users\yelisey\desktop\rsapr\новая папка\shaft\shafttestproject\bin\release\shafttestproject.dll" id="6b7c3324-7462-0c42-d7ad-5daf16e65762">
      <Execution id="9a728600-1647-44a9-88c9-2bd6196e207f" />
      <TestMethod codeBase="C:/Users/Yelisey/Desktop/RSAPR/Новая папка/Shaft/ShaftTestProject/bin/Release/ShaftTestProject.DLL" adapterTypeName="Microsoft.VisualStudio.TestTools.TestTypes.Unit.UnitTestAdapter, Microsoft.VisualStudio.QualityTools.Tips.UnitTest.Adapter, Version=10.0.0.0, Culture=neutral, PublicKeyToken=b03f5f7f11d50a3a" className="ShaftTestProject.SpecificationGeneralTest, ShaftTestProject, Version=1.0.0.0, Culture=neutral, PublicKeyToken=null" name="CreateStampTest" />
    </UnitTest>
    <UnitTest name="SpecificationGeneralConstructorTest" storage="c:\users\yelisey\desktop\rsapr\новая папка\shaft\shafttestproject\bin\release\shafttestproject.dll" id="fb5869dc-1fb4-3106-ead5-f9d228aecce1">
      <Execution id="cfe142f4-00a3-4f1c-b128-a36c8f7dcebb" />
      <TestMethod codeBase="C:/Users/Yelisey/Desktop/RSAPR/Новая папка/Shaft/ShaftTestProject/bin/Release/ShaftTestProject.DLL" adapterTypeName="Microsoft.VisualStudio.TestTools.TestTypes.Unit.UnitTestAdapter, Microsoft.VisualStudio.QualityTools.Tips.UnitTest.Adapter, Version=10.0.0.0, Culture=neutral, PublicKeyToken=b03f5f7f11d50a3a" className="ShaftTestProject.SpecificationGeneralTest, ShaftTestProject, Version=1.0.0.0, Culture=neutral, PublicKeyToken=null" name="SpecificationGeneralConstructorTest" />
    </UnitTest>
    <UnitTest name="справкаToolStripMenuItem_ClickTest" storage="c:\users\yelisey\desktop\rsapr\новая папка\shaft\shafttestproject\bin\release\shafttestproject.dll" id="55a223d0-b6aa-d64e-c5d8-89b29995202a">
      <DeploymentItems>
        <DeploymentItem filename="Shaft.exe" />
      </DeploymentItems>
      <Execution id="edfaaa0f-61a5-4ed1-9e31-d54fd21b6a1a" />
      <TestMethod codeBase="C:/Users/Yelisey/Desktop/RSAPR/Новая папка/Shaft/ShaftTestProject/bin/Release/ShaftTestProject.DLL" adapterTypeName="Microsoft.VisualStudio.TestTools.TestTypes.Unit.UnitTestAdapter, Microsoft.VisualStudio.QualityTools.Tips.UnitTest.Adapter, Version=10.0.0.0, Culture=neutral, PublicKeyToken=b03f5f7f11d50a3a" className="ShaftTestProject.Form1Test, ShaftTestProject, Version=1.0.0.0, Culture=neutral, PublicKeyToken=null" name="справкаToolStripMenuItem_ClickTest" />
    </UnitTest>
    <UnitTest name="CreateShaftTest" storage="c:\users\yelisey\desktop\rsapr\новая папка\shaft\shafttestproject\bin\release\shafttestproject.dll" id="fa6d0a82-7446-45a9-7340-d0ad95ef2be4">
      <Execution id="af07aeb7-cf3e-4a4c-bc84-f06fdc69925a" />
      <TestMethod codeBase="C:/Users/Yelisey/Desktop/RSAPR/Новая папка/Shaft/ShaftTestProject/bin/Release/ShaftTestProject.DLL" adapterTypeName="Microsoft.VisualStudio.TestTools.TestTypes.Unit.UnitTestAdapter, Microsoft.VisualStudio.QualityTools.Tips.UnitTest.Adapter, Version=10.0.0.0, Culture=neutral, PublicKeyToken=b03f5f7f11d50a3a" className="ShaftTestProject.DrivenShaftTest, ShaftTestProject, Version=1.0.0.0, Culture=neutral, PublicKeyToken=null" name="CreateShaftTest" />
    </UnitTest>
    <UnitTest name="CutForBaseShaftTest" storage="c:\users\yelisey\desktop\rsapr\новая папка\shaft\shafttestproject\bin\release\shafttestproject.dll" id="6b33fb31-15f2-fa3f-a4e4-5445820a8cd3">
      <DeploymentItems>
        <DeploymentItem filename="Shaft.exe" />
      </DeploymentItems>
      <Execution id="98d57a07-dbe6-4ff4-a742-cb099204ca0e" />
      <TestMethod codeBase="C:/Users/Yelisey/Desktop/RSAPR/Новая папка/Shaft/ShaftTestProject/bin/Release/ShaftTestProject.DLL" adapterTypeName="Microsoft.VisualStudio.TestTools.TestTypes.Unit.UnitTestAdapter, Microsoft.VisualStudio.QualityTools.Tips.UnitTest.Adapter, Version=10.0.0.0, Culture=neutral, PublicKeyToken=b03f5f7f11d50a3a" className="ShaftTestProject.MainShaftTest, ShaftTestProject, Version=1.0.0.0, Culture=neutral, PublicKeyToken=null" name="CutForBaseShaftTest" />
    </UnitTest>
    <UnitTest name="PressSecondShaft2Test" storage="c:\users\yelisey\desktop\rsapr\новая папка\shaft\shafttestproject\bin\release\shafttestproject.dll" id="425bd8e1-02ff-7f3d-8fa4-ad243eb542ec">
      <DeploymentItems>
        <DeploymentItem filename="Shaft.exe" />
      </DeploymentItems>
      <Execution id="b70f99dd-4fed-42a8-8ad5-6b5f1297342a" />
      <TestMethod codeBase="C:/Users/Yelisey/Desktop/RSAPR/Новая папка/Shaft/ShaftTestProject/bin/Release/ShaftTestProject.DLL" adapterTypeName="Microsoft.VisualStudio.TestTools.TestTypes.Unit.UnitTestAdapter, Microsoft.VisualStudio.QualityTools.Tips.UnitTest.Adapter, Version=10.0.0.0, Culture=neutral, PublicKeyToken=b03f5f7f11d50a3a" className="ShaftTestProject.MainShaftTest, ShaftTestProject, Version=1.0.0.0, Culture=neutral, PublicKeyToken=null" name="PressSecondShaft2Test" />
    </UnitTest>
    <UnitTest name="CountOfHoleTest" storage="c:\users\yelisey\desktop\rsapr\новая папка\shaft\shafttestproject\bin\release\shafttestproject.dll" id="d95b4666-1756-6443-75f9-19f17f608b8d">
      <Execution id="b86cfda6-368c-4eac-8c55-f1d52e009d76" />
      <TestMethod codeBase="C:/Users/Yelisey/Desktop/RSAPR/Новая папка/Shaft/ShaftTestProject/bin/Release/ShaftTestProject.DLL" adapterTypeName="Microsoft.VisualStudio.TestTools.TestTypes.Unit.UnitTestAdapter, Microsoft.VisualStudio.QualityTools.Tips.UnitTest.Adapter, Version=10.0.0.0, Culture=neutral, PublicKeyToken=b03f5f7f11d50a3a" className="ShaftTestProject.DataContainerTest, ShaftTestProject, Version=1.0.0.0, Culture=neutral, PublicKeyToken=null" name="CountOfHoleTest" />
    </UnitTest>
    <UnitTest name="PressSecondShaft3Test" storage="c:\users\yelisey\desktop\rsapr\новая папка\shaft\shafttestproject\bin\release\shafttestproject.dll" id="8c180423-0e20-97ac-a227-d8df1b0cd5fb">
      <DeploymentItems>
        <DeploymentItem filename="Shaft.exe" />
      </DeploymentItems>
      <Execution id="f8d31cba-8bef-4b2c-9d72-907f6d71c2e6" />
      <TestMethod codeBase="C:/Users/Yelisey/Desktop/RSAPR/Новая папка/Shaft/ShaftTestProject/bin/Release/ShaftTestProject.DLL" adapterTypeName="Microsoft.VisualStudio.TestTools.TestTypes.Unit.UnitTestAdapter, Microsoft.VisualStudio.QualityTools.Tips.UnitTest.Adapter, Version=10.0.0.0, Culture=neutral, PublicKeyToken=b03f5f7f11d50a3a" className="ShaftTestProject.MainShaftTest, ShaftTestProject, Version=1.0.0.0, Culture=neutral, PublicKeyToken=null" name="PressSecondShaft3Test" />
    </UnitTest>
    <UnitTest name="InitScene2Test" storage="c:\users\yelisey\desktop\rsapr\новая папка\shaft\shafttestproject\bin\release\shafttestproject.dll" id="391e4e5e-77d9-cfbc-c57f-d356237ab966">
      <Execution id="230dafab-896e-44b9-a295-4139db782e8e" />
      <TestMethod codeBase="C:/Users/Yelisey/Desktop/RSAPR/Новая папка/Shaft/ShaftTestProject/bin/Release/ShaftTestProject.DLL" adapterTypeName="Microsoft.VisualStudio.TestTools.TestTypes.Unit.UnitTestAdapter, Microsoft.VisualStudio.QualityTools.Tips.UnitTest.Adapter, Version=10.0.0.0, Culture=neutral, PublicKeyToken=b03f5f7f11d50a3a" className="ShaftTestProject.ManagerTest, ShaftTestProject, Version=1.0.0.0, Culture=neutral, PublicKeyToken=null" name="InitScene2Test" />
    </UnitTest>
    <UnitTest name="CutPressPart1Test" storage="c:\users\yelisey\desktop\rsapr\новая папка\shaft\shafttestproject\bin\release\shafttestproject.dll" id="26731184-e989-8320-317f-e9081d0743b9">
      <DeploymentItems>
        <DeploymentItem filename="Shaft.exe" />
      </DeploymentItems>
      <Execution id="9d08a8b4-6d7c-4b84-8bf5-d9e79ce12867" />
      <TestMethod codeBase="C:/Users/Yelisey/Desktop/RSAPR/Новая папка/Shaft/ShaftTestProject/bin/Release/ShaftTestProject.DLL" adapterTypeName="Microsoft.VisualStudio.TestTools.TestTypes.Unit.UnitTestAdapter, Microsoft.VisualStudio.QualityTools.Tips.UnitTest.Adapter, Version=10.0.0.0, Culture=neutral, PublicKeyToken=b03f5f7f11d50a3a" className="ShaftTestProject.MainShaftTest, ShaftTestProject, Version=1.0.0.0, Culture=neutral, PublicKeyToken=null" name="CutPressPart1Test" />
    </UnitTest>
    <UnitTest name="GetMediumAnglesByRadianTest" storage="c:\users\yelisey\desktop\rsapr\новая папка\shaft\shafttestproject\bin\release\shafttestproject.dll" id="d58062f1-cac4-4509-c9e2-8b3cce8aebdb">
      <Execution id="ee9d6f94-b520-47e7-8223-0bb5738931a4" />
      <TestMethod codeBase="C:/Users/Yelisey/Desktop/RSAPR/Новая папка/Shaft/ShaftTestProject/bin/Release/ShaftTestProject.DLL" adapterTypeName="Microsoft.VisualStudio.TestTools.TestTypes.Unit.UnitTestAdapter, Microsoft.VisualStudio.QualityTools.Tips.UnitTest.Adapter, Version=10.0.0.0, Culture=neutral, PublicKeyToken=b03f5f7f11d50a3a" className="ShaftTestProject.MathLogicTest, ShaftTestProject, Version=1.0.0.0, Culture=neutral, PublicKeyToken=null" name="GetMediumAnglesByRadianTest" />
    </UnitTest>
    <UnitTest name="CutSlotsTest" storage="c:\users\yelisey\desktop\rsapr\новая папка\shaft\shafttestproject\bin\release\shafttestproject.dll" id="2efdc3a5-9c5e-7956-7715-5ea9529a8381">
      <DeploymentItems>
        <DeploymentItem filename="Shaft.exe" />
      </DeploymentItems>
      <Execution id="9990f2ac-ac4a-4c7c-865e-29647e752fb9" />
      <TestMethod codeBase="C:/Users/Yelisey/Desktop/RSAPR/Новая папка/Shaft/ShaftTestProject/bin/Release/ShaftTestProject.DLL" adapterTypeName="Microsoft.VisualStudio.TestTools.TestTypes.Unit.UnitTestAdapter, Microsoft.VisualStudio.QualityTools.Tips.UnitTest.Adapter, Version=10.0.0.0, Culture=neutral, PublicKeyToken=b03f5f7f11d50a3a" className="ShaftTestProject.DrivenShaftTest, ShaftTestProject, Version=1.0.0.0, Culture=neutral, PublicKeyToken=null" name="CutSlotsTest" />
    </UnitTest>
    <UnitTest name="HeightOfSecondShaftTest" storage="c:\users\yelisey\desktop\rsapr\новая папка\shaft\shafttestproject\bin\release\shafttestproject.dll" id="3059f429-1c10-09e7-8d0a-631b4edc75fb">
      <Execution id="a9fd9cff-c74c-405b-9858-b6519692b665" />
      <TestMethod codeBase="C:/Users/Yelisey/Desktop/RSAPR/Новая папка/Shaft/ShaftTestProject/bin/Release/ShaftTestProject.DLL" adapterTypeName="Microsoft.VisualStudio.TestTools.TestTypes.Unit.UnitTestAdapter, Microsoft.VisualStudio.QualityTools.Tips.UnitTest.Adapter, Version=10.0.0.0, Culture=neutral, PublicKeyToken=b03f5f7f11d50a3a" className="ShaftTestProject.DataContainerTest, ShaftTestProject, Version=1.0.0.0, Culture=neutral, PublicKeyToken=null" name="HeightOfSecondShaftTest" />
    </UnitTest>
    <UnitTest name="Form1ConstructorTest" storage="c:\users\yelisey\desktop\rsapr\новая папка\shaft\shafttestproject\bin\release\shafttestproject.dll" id="75e83158-f30c-6a5d-3900-cb9ff488c6c6">
      <Execution id="7c1ef8f9-8fb1-46bc-809c-c41420f7fbbc" />
      <TestMethod codeBase="C:/Users/Yelisey/Desktop/RSAPR/Новая папка/Shaft/ShaftTestProject/bin/Release/ShaftTestProject.DLL" adapterTypeName="Microsoft.VisualStudio.TestTools.TestTypes.Unit.UnitTestAdapter, Microsoft.VisualStudio.QualityTools.Tips.UnitTest.Adapter, Version=10.0.0.0, Culture=neutral, PublicKeyToken=b03f5f7f11d50a3a" className="ShaftTestProject.Form1Test, ShaftTestProject, Version=1.0.0.0, Culture=neutral, PublicKeyToken=null" name="Form1ConstructorTest" />
    </UnitTest>
    <UnitTest name="createFaskTest" storage="c:\users\yelisey\desktop\rsapr\новая папка\shaft\shafttestproject\bin\release\shafttestproject.dll" id="15479bb1-2c4d-6808-132e-5cebeb67c25f">
      <Execution id="65516097-1c29-43b7-bbc1-411f6cfd0ae1" />
      <TestMethod codeBase="C:/Users/Yelisey/Desktop/RSAPR/Новая папка/Shaft/ShaftTestProject/bin/Release/ShaftTestProject.DLL" adapterTypeName="Microsoft.VisualStudio.TestTools.TestTypes.Unit.UnitTestAdapter, Microsoft.VisualStudio.QualityTools.Tips.UnitTest.Adapter, Version=10.0.0.0, Culture=neutral, PublicKeyToken=b03f5f7f11d50a3a" className="ShaftTestProject.MainShaftTest, ShaftTestProject, Version=1.0.0.0, Culture=neutral, PublicKeyToken=null" name="createFaskTest" />
    </UnitTest>
  </TestDefinitions>
  <TestLists>
    <TestList name="Results Not in a List" id="8c84fa94-04c1-424b-9868-57a2d4851a1d" />
    <TestList name="All Loaded Results" id="19431567-8539-422a-85d7-44ee4e166bda" />
  </TestLists>
  <TestEntries>
    <TestEntry testId="03a0b927-981e-3278-4d0a-78f226686ad2" executionId="09cf30e2-ed84-4da6-94cd-c7b24dd9025f" testListId="8c84fa94-04c1-424b-9868-57a2d4851a1d" />
    <TestEntry testId="0634429f-d846-de8b-b7d3-b72d7b46bb65" executionId="7900cd63-f15d-41c4-97bd-889f68356d0c" testListId="8c84fa94-04c1-424b-9868-57a2d4851a1d" />
[...]
          <StackTrace>   в ShaftTestProject.MainShaftTest.PressSecondShaftTest() в C:\Users\Yelisey\Desktop\RSAPR\Новая папка\Shaft\ShaftTestProject\MainShaftTest.cs:строка 292
</StackTrace>
        </ErrorInfo>
      </Output>
    </UnitTestResult>
    <UnitTestResult executionId="b6af5de1-b684-4540-93d3-91693813b036" testId="d376c67c-63af-cf78-db90-577a0883be78" testName="ShaftCutPressTest" computerName="YELISEY-PROF" duration="00:00:00.0057667" startTime="2014-12-03T14:40:04.3014636+06:00" endTime="2014-12-03T14:40:04.3134760+06:00" testType="13cdc9d9-ddb5-4fa4-a97d-d965ccfc6d4b" outcome="Failed" testListId="8c84fa94-04c1-424b-9868-57a2d4851a1d" relativeResultsDirectory="b6af5de1-b684-4540-93d3-91693813b036">
      <Output>
        <ErrorInfo>
          <Message>Test method ShaftTestProject.MainShaftTest.ShaftCutPressTest threw exception: 
System.NullReferenceException: Ссылка на объект не указывает на экземпляр объекта.</Message>
          <StackTrace>   в Shaft.MainShaft_Accessor.ShaftCutPress()
   в ShaftTestProject.MainShaftTest.ShaftCutPressTest() в C:\Users\Yelisey\Desktop\RSAPR\Новая папка\Shaft\ShaftTestProject\MainShaftTest.cs:строка 373
</StackTrace>
        </ErrorInfo>
      </Output>
    </UnitTestResult>
    <UnitTestResult executionId="ee9d6f94-b520-47e7-8223-0bb5738931a4" testId="d58062f1-cac4-4509-c9e2-8b3cce8aebdb" testName="GetMediumAnglesByRadianTest" computerName="YELISEY-PROF" duration="00:00:00.0043200" startTime="2014-12-03T14:40:04.3154770+06:00" endTime="2014-12-03T14:40:04.3254860+06:00" testType="13cdc9d9-ddb5-4fa4-a97d-d965ccfc6d4b" outcome="Failed" testListId="8c84fa94-04c1-424b-9868-57a2d4851a1d" relativeResultsDirectory="ee9d6f94-b520-47e7-8223-0bb5738931a4">
      <Output>
        <ErrorInfo>
          <Message>Assert.IsTrue failed. </Message>
          <StackTrace>   в ShaftTestProject.MathLogicTest.GetMediumAnglesByRadianTest() в C:\Users\Yelisey\Desktop\RSAPR\Новая папка\Shaft\ShaftTestProject\MathLogicTest.cs:строка 161
</StackTrace>
        </ErrorInfo>
      </Output>
    </UnitTestResult>
    <UnitTestResult executionId="996f55e0-eef8-47cd-83b6-f2452d7b0fb6" testId="d7176968-2ca8-a303-3f04-c54deeeb5eb0" testName="ShaftCutPress2Test" computerName="YELISEY-PROF" duration="00:00:00.0048158" startTime="2014-12-03T14:40:04.3274875+06:00" endTime="2014-12-03T14:40:04.3384963+06:00" testType="13cdc9d9-ddb5-4fa4-a97d-d965ccfc6d4b" outcome="Failed" testListId="8c84fa94-04c1-424b-9868-57a2d4851a1d" relativeResultsDirectory="996f55e0-eef8-47cd-83b6-f2452d7b0fb6">
      <Output>
        <ErrorInfo>
          <Message>Test method ShaftTestProject.MainShaftTest.ShaftCutPress2Test threw exception: 
System.NullReferenceException: Ссылка на объект не указывает на экземпляр объекта.</Message>
          <StackTrace>   в Shaft.MainShaft_Accessor.ShaftCutPress2()
   в ShaftTestProject.MainShaftTest.ShaftCutPress2Test() в C:\Users\Yelisey\Desktop\RSAPR\Новая папка\Shaft\ShaftTestProject\MainShaftTest.cs:строка 397
</StackTrace>
        </ErrorInfo>
      </Output>
    </UnitTestResult>
    <UnitTestResult executionId="38172239-9ede-424e-94fc-b1a3727d2670" testId="d7505a51-a3e5-35db-f19d-4214429d10fc" testName="ksSetSpcObjectColumnTextTest" computerName="YELISEY-PROF" duration="00:00:00.0034527" startTime="2014-12-03T14:40:04.3405000+06:00" endTime="2014-12-03T14:40:04.3495066+06:00" testType="13cdc9d9-ddb5-4fa4-a97d-d965ccfc6d4b" outcome="Failed" testListId="8c84fa94-04c1-424b-9868-57a2d4851a1d" relativeResultsDirectory="38172239-9ede-424e-94fc-b1a3727d2670">
      <Output>
        <ErrorInfo>
          <Message>Test method ShaftTestProject.ksSpecificationTest.ksSetSpcObjectColumnTextTest threw exception: 
System.NullReferenceException: Ссылка на объект не указывает на экземпляр объекта.</Message>
          <StackTrace>    в ShaftTestProject.ksSpecificationTest.ksSetSpcObjectColumnTextTest() в C:\Users\Yelisey\Desktop\RSAPR\Новая папка\Shaft\ShaftTestProject\ksSpecificationTest.cs:строка 87
</StackTrace>
        </ErrorInfo>
      </Output>
    </UnitTestResult>
    <UnitTestResult executionId="b86cfda6-368c-4eac-8c55-f1d52e009d76" testId="d95b4666-1756-6443-75f9-19f17f608b8d" testName="CountOfHoleTest" computerName="YELISEY-PROF" duration="00:00:00.0027367" startTime="2014-12-03T14:40:04.3525097+06:00" endTime="2014-12-03T14:40:04.3595168+06:00" testType="13cdc9d9-ddb5-4fa4-a97d-d965ccfc6d4b" outcome="Inconclusive" testListId="8c84fa94-04c1-424b-9868-57a2d4851a1d" relativeResultsDirectory="b86cfda6-368c-4eac-8c55-f1d52e009d76">
      <Output>
        <ErrorInfo>
          <Message>Assert.Inconclusive failed. Verify the correctness of this test method.</Message>
          <StackTrace>   в ShaftTestProject.DataContainerTest.CountOfHoleTest() в C:\Users\Yelisey\Desktop\RSAPR\Новая папка\Shaft\ShaftTestProject\DataContainerTest.cs:строка 99
</StackTrace>
        </ErrorInfo>
      </Output>
    </UnitTestResult>
    <UnitTestResult executionId="da2ca2e7-302e-4323-b811-61ac80e7d77c" testId="dddfa262-bcb0-b9af-22a6-20d57080e2a0" testName="DrivenShaftConstructorTest" computerName="YELISEY-PROF" duration="00:00:00.0012107" startTime="2014-12-03T14:40:04.3625206+06:00" endTime="2014-12-03T14:40:04.3695247+06:00" testType="13cdc9d9-ddb5-4fa4-a97d-d965ccfc6d4b" outcome="Inconclusive" testListId="8c84fa94-04c1-424b-9868-57a2d4851a1d" relativeResultsDirectory="da2ca2e7-302e-4323-b811-61ac80e7d77c">
      <Output>
        <ErrorInfo>
          <Message>Assert.Inconclusive failed. TODO: Implement code to verify target</Message>
          <StackTrace>   в ShaftTestProject.DrivenShaftTest.DrivenShaftConstructorTest() в C:\Users\Yelisey\Desktop\RSAPR\Новая папка\Shaft\ShaftTestProject\DrivenShaftTest.cs:строка 79
</StackTrace>
        </ErrorInfo>
      </Output>
    </UnitTestResult>
    <UnitTestResult executionId="dcede741-fc21-4a59-8af3-9e5a5cf35e67" testId="de3b0c2b-0a58-9aba-c381-204d8f6c5f44" testName="безСпецификацииToolStripMenuItem_ClickTest" computerName="YELISEY-PROF" duration="00:00:18.5774718" startTime="2014-12-03T14:40:04.3715276+06:00" endTime="2014-12-03T14:40:22.9543085+06:00" testType="13cdc9d9-ddb5-4fa4-a97d-d965ccfc6d4b" outcome="Inconclusive" testListId="8c84fa94-04c1-424b-9868-57a2d4851a1d" relativeResultsDirectory="dcede741-fc21-4a59-8af3-9e5a5cf35e67">
      <Output>
        <ErrorInfo>
          <Message>Assert.Inconclusive failed. A method that does not return a value cannot be verified.</Message>
          <StackTrace>   в ShaftTestProject.Form1Test.безСпецификацииToolStripMenuItem_ClickTest() в C:\Users\Yelisey\Desktop\RSAPR\Новая папка\Shaft\ShaftTestProject\Form1Test.cs:строка 253
</StackTrace>
        </ErrorInfo>
      </Output>
    </UnitTestResult>
    <UnitTestResult executionId="2b179830-d4bf-4287-a988-d070adfac785" testId="e44d05e6-4ee4-6e9f-b161-ecccf3960dac" testName="PressSecondShaft2Test" computerName="YELISEY-PROF" duration="00:00:00.0417265" startTime="2014-12-03T14:40:22.9563111+06:00" endTime="2014-12-03T14:40:23.0033548+06:00" testType="13cdc9d9-ddb5-4fa4-a97d-d965ccfc6d4b" outcome="Failed" testListId="8c84fa94-04c1-424b-9868-57a2d4851a1d" relativeResultsDirectory="2b179830-d4bf-4287-a988-d070adfac785">
      <Output>
        <ErrorInfo>
          <Message>Test method ShaftTestProject.DrivenShaftFor8HoleTest.PressSecondShaft2Test threw exception: 
System.NullReferenceException: Ссылка на объект не указывает на экземпляр объекта.</Message>
          <StackTrace>   в Shaft.DrivenShaftFor8Hole_Accessor.PressSecondShaft2(ksSketchDefinition sketchDefinition, ksEntity entitySketch2)
   в ShaftTestProject.DrivenShaftFor8HoleTest.PressSecondShaft2Test() в C:\Users\Yelisey\Desktop\RSAPR\Новая папка\Shaft\ShaftTestProject\DrivenShaftFor8HoleTest.cs:строка 138
</StackTrace>
        </ErrorInfo>
      </Output>
    </UnitTestResult>
    <UnitTestResult executionId="38befbc0-ba42-46a0-ae75-7e7609e47589" testId="e593dedb-bd8f-877e-3ec8-3c28408ca8b0" testName="toolStripMenuItem1_ClickTest" computerName="YELISEY-PROF" duration="00:00:00.0375389" startTime="2014-12-03T14:40:23.0053554+06:00" endTime="2014-12-03T14:40:23.0503949+06:00" testType="13cdc9d9-ddb5-4fa4-a97d-d965ccfc6d4b" outcome="Inconclusive" testListId="8c84fa94-04c1-424b-9868-57a2d4851a1d" relativeResultsDirectory="38befbc0-ba42-46a0-ae75-7e7609e47589">
      <Output>
        <ErrorInfo>
          <Message>Assert.Inconclusive failed. A method that does not return a value cannot be verified.</Message>
          <StackTrace>   в ShaftTestProject.Form1Test.toolStripMenuItem1_ClickTest() в C:\Users\Yelisey\Desktop\RSAPR\Новая папка\Shaft\ShaftTestProject\Form1Test.cs:строка 239
</StackTrace>
        </ErrorInfo>
      </Output>
    </UnitTestResult>
    <UnitTestResult executionId="cc2b6787-e046-4f00-99f8-24d27fda7973" testId="e98d5c70-233c-e3ec-3da3-3b4dfc19cf35" testName="DataContainer8HoleConstructorTest" computerName="YELISEY-PROF" duration="00:00:00.0021392" startTime="2014-12-03T14:40:23.0523983+06:00" endTime="2014-12-03T14:40:23.0624069+06:00" testType="13cdc9d9-ddb5-4fa4-a97d-d965ccfc6d4b" outcome="Inconclusive" testListId="8c84fa94-04c1-424b-9868-57a2d4851a1d" relativeResultsDirectory="cc2b6787-e046-4f00-99f8-24d27fda7973">
      <Output>
        <ErrorInfo>
          <Message>Assert.Inconclusive failed. TODO: Implement code to verify target</Message>
          <StackTrace>   в ShaftTestProject.DataContainer8HoleTest.DataContainer8HoleConstructorTest() в C:\Users\Yelisey\Desktop\RSAPR\Новая папка\Shaft\ShaftTestProject\DataContainer8HoleTest.cs:строка 76
</StackTrace>
        </ErrorInfo>
      </Output>
    </UnitTestResult>
    <UnitTestResult executionId="ea5d4550-dd85-44c4-a7ba-2357836ad1cc" testId="ecc56b62-9477-b8c2-8846-ff148cea0e59" testName="PressSecondShaft4Test" computerName="YELISEY-PROF" duration="00:00:00.0036810" startTime="2014-12-03T14:40:23.0644083+06:00" endTime="2014-12-03T14:40:23.0754191+06:00" testType="13cdc9d9-ddb5-4fa4-a97d-d965ccfc6d4b" outcome="Failed" testListId="8c84fa94-04c1-424b-9868-57a2d4851a1d" relativeResultsDirectory="ea5d4550-dd85-44c4-a7ba-2357836ad1cc">
      <Output>
        <ErrorInfo>
          <Message>Test method ShaftTestProject.DrivenShaftTest.PressSecondShaft4Test threw exception: 
System.NullReferenceException: Ссылка на объект не указывает на экземпляр объекта.</Message>
          <StackTrace>   в Shaft.DrivenShaft_Accessor.PressSecondShaft4(ksSketchDefinition sketchDefinition, ksEntity entitySketch2)
   в ShaftTestProject.DrivenShaftTest.PressSecondShaft4Test() в C:\Users\Yelisey\Desktop\RSAPR\Новая папка\Shaft\ShaftTestProject\DrivenShaftTest.cs:строка 168
</StackTrace>
        </ErrorInfo>
      </Output>
    </UnitTestResult>
    <UnitTestResult executionId="43aa6a06-ac9c-4dc1-bc2f-32f2fb53c106" testId="ed782bb3-0dac-9a6f-7b19-5a12d302a20b" testName="CutPressObjectTest" computerName="YELISEY-PROF" duration="00:00:00.0048366" startTime="2014-12-03T14:40:23.0774213+06:00" endTime="2014-12-03T14:40:23.0874299+06:00" testType="13cdc9d9-ddb5-4fa4-a97d-d965ccfc6d4b" outcome="Failed" testListId="8c84fa94-04c1-424b-9868-57a2d4851a1d" relativeResultsDirectory="43aa6a06-ac9c-4dc1-bc2f-32f2fb53c106">
      <Output>
        <ErrorInfo>
          <Message>Test method ShaftTestProject.MainShaftTest.CutPressObjectTest threw exception: 
System.NullReferenceException: Ссылка на объект не указывает на экземпляр объекта.</Message>
          <StackTrace>   в Shaft.MainShaft_Accessor.CutPressObject(ksEntity entitySketch)
   в ShaftTestProject.MainShaftTest.CutPressObjectTest() в C:\Users\Yelisey\Desktop\RSAPR\Новая папка\Shaft\ShaftTestProject\MainShaftTest.cs:строка 199
</StackTrace>
        </ErrorInfo>
      </Output>
    </UnitTestResult>
    <UnitTestResult executionId="96688dbd-ce2e-4f39-99fd-d0861a7cb668" testId="ef22a61d-29cf-381e-1946-f5dcca8f9e46" testName="button1_ClickTest" computerName="YELISEY-PROF" duration="00:00:17.0885457" startTime="2014-12-03T14:40:23.0894313+06:00" endTime="2014-12-03T14:40:40.1848694+06:00" testType="13cdc9d9-ddb5-4fa4-a97d-d965ccfc6d4b" outcome="Inconclusive" testListId="8c84fa94-04c1-424b-9868-57a2d4851a1d" relativeResultsDirectory="96688dbd-ce2e-4f39-99fd-d0861a7cb668">
      <Output>
        <ErrorInfo>
          <Message>Assert.Inconclusive failed. A method that does not return a value cannot be verified.</Message>
          <StackTrace>   в ShaftTestProject.Form1Test.button1_ClickTest() в C:\Users\Yelisey\Desktop\RSAPR\Новая папка\Shaft\ShaftTestProject\Form1Test.cs:строка 113
</StackTrace>
        </ErrorInfo>
      </Output>
    </UnitTestResult>
    <UnitTestResult executionId="6e56c8cf-8cb5-41fd-b935-719e565c67c9" testId="f303af86-3843-2e9e-d5dc-24e69185b6dd" testName="textBox5_TextChangedTest" computerName="YELISEY-PROF" duration="00:00:01.2549252" startTime="2014-12-03T14:40:40.1898755+06:00" endTime="2014-12-03T14:40:41.4580203+06:00" testType="13cdc9d9-ddb5-4fa4-a97d-d965ccfc6d4b" outcome="Inconclusive" testListId="8c84fa94-04c1-424b-9868-57a2d4851a1d" relativeResultsDirectory="6e56c8cf-8cb5-41fd-b935-719e565c67c9">
      <Output>
        <ErrorInfo>
          <Message>Assert.Inconclusive failed. A method that does not return a value cannot be verified.</Message>
          <StackTrace>   в ShaftTestProject.Form1Test.textBox5_TextChangedTest() в C:\Users\Yelisey\Desktop\RSAPR\Новая папка\Shaft\ShaftTestProject\Form1Test.cs:строка 197
</StackTrace>
        </ErrorInfo>
      </Output>
    </UnitTestResult>
    <UnitTestResult executionId="8137e352-ad60-46c3-b1d9-f431dc9bdc97" testId="f7adb752-fb77-acd0-2377-b23e85c6a916" testName="GetCoordForSlotsTestBySixSlots" computerName="YELISEY-PROF" duration="00:00:00.0478355" startTime="2014-12-03T14:40:41.4730335+06:00" endTime="2014-12-03T14:40:41.5721230+06:00" testType="13cdc9d9-ddb5-4fa4-a97d-d965ccfc6d4b" outcome="Failed" testListId="8c84fa94-04c1-424b-9868-57a2d4851a1d" relativeResultsDirectory="8137e352-ad60-46c3-b1d9-f431dc9bdc97">
      <Output>
        <ErrorInfo>
          <Message>Assert.AreEqual failed. Expected:&lt;22&gt;. Actual:&lt;24&gt;. </Message>
          <StackTrace>   в ShaftTestProject.MathLogicTest.GetCoordForSlotsTestBySixSlots() в C:\Users\Yelisey\Desktop\RSAPR\Новая папка\Shaft\ShaftTestProject\MathLogicTest.cs:строка 79
</StackTrace>
        </ErrorInfo>
      </Output>
    </UnitTestResult>
    <UnitTestResult executionId="66df6005-9776-4769-bfa7-18905a9ecae5" testId="f8799e58-5b16-e1e6-dcb6-94f4dde30d24" testName="PressSecondShaft4Test" computerName="YELISEY-PROF" duration="00:00:00.0028618" startTime="2014-12-03T14:40:41.5811311+06:00" endTime="2014-12-03T14:40:41.6351796+06:00" testType="13cdc9d9-ddb5-4fa4-a97d-d965ccfc6d4b" outcome="Inconclusive" testListId="8c84fa94-04c1-424b-9868-57a2d4851a1d" relativeResultsDirectory="66df6005-9776-4769-bfa7-18905a9ecae5">
      <Output>
        <ErrorInfo>
          <Message>Assert.Inconclusive failed. A method that does not return a value cannot be verified.</Message>
          <StackTrace>   в ShaftTestProject.MainShaftTest.PressSecondShaft4Test() в C:\Users\Yelisey\Desktop\RSAPR\Новая папка\Shaft\ShaftTestProject\MainShaftTest.cs:строка 334
</StackTrace>
        </ErrorInfo>
      </Output>
    </UnitTestResult>
    <UnitTestResult executionId="af07aeb7-cf3e-4a4c-bc84-f06fdc69925a" testId="fa6d0a82-7446-45a9-7340-d0ad95ef2be4" testName="CreateShaftTest" computerName="YELISEY-PROF" duration="00:00:00.0302577" startTime="2014-12-03T14:40:41.6401849+06:00" endTime="2014-12-03T14:40:41.6832226+06:00" testType="13cdc9d9-ddb5-4fa4-a97d-d965ccfc6d4b" outcome="Failed" testListId="8c84fa94-04c1-424b-9868-57a2d4851a1d" relativeResultsDirectory="af07aeb7-cf3e-4a4c-bc84-f06fdc69925a">
      <Output>
        <ErrorInfo>
          <Message>Test method ShaftTestProject.DrivenShaftTest.CreateShaftTest threw exception: 
System.NullReferenceException: Ссылка на объект не указывает на экземпляр объекта.</Message>
          <StackTrace>    в Shaft.MainShaft.CreateBase() в C:\Users\Yelisey\Desktop\RSAPR\Новая папка\Shaft\Shaft\Shaft\Shaft.cs:строка 116
   в Shaft.DrivenShaft.CreateShaft() в C:\Users\Yelisey\Desktop\RSAPR\Новая папка\Shaft\Shaft\Shaft\DrivenShaftFor4Hole.cs:строка 109
   в ShaftTestProject.DrivenShaftTest.CreateShaftTest() в C:\Users\Yelisey\Desktop\RSAPR\Новая папка\Shaft\ShaftTestProject\DrivenShaftTest.cs:строка 93
</StackTrace>
        </ErrorInfo>
      </Output>
    </UnitTestResult>
    <UnitTestResult executionId="d782e2d4-b4b1-44ba-934e-aabaf8cddbb0" testId="fac88ba4-b17f-7cd2-5dd8-71cedeed6a81" testName="textBox10_TextChangedTest" computerName="YELISEY-PROF" duration="00:00:00.8519035" startTime="2014-12-03T14:40:41.6862268+06:00" endTime="2014-12-03T14:40:42.5540093+06:00" testType="13cdc9d9-ddb5-4fa4-a97d-d965ccfc6d4b" outcome="Inconclusive" testListId="8c84fa94-04c1-424b-9868-57a2d4851a1d" relativeResultsDirectory="d782e2d4-b4b1-44ba-934e-aabaf8cddbb0">
      <Output>
        <ErrorInfo>
          <Message>Assert.Inconclusive failed. A method that does not return a value cannot be verified.</Message>
          <StackTrace>   в ShaftTestProject.Form1Test.textBox10_TextChangedTest() в C:\Users\Yelisey\Desktop\RSAPR\Новая папка\Shaft\ShaftTestProject\Form1Test.cs:строка 127
</StackTrace>
        </ErrorInfo>
      </Output>
    </UnitTestResult>
    <UnitTestResult executionId="511e99fa-4e23-4d19-b601-36639c89b43f" testId="faf9075b-2377-2084-0f96-cba20252970e" testName="textBox6_TextChangedTest" computerName="YELISEY-PROF" duration="00:00:00.5919722" startTime="2014-12-03T14:40:42.5600148+06:00" endTime="2014-12-03T14:40:43.1695699+06:00" testType="13cdc9d9-ddb5-4fa4-a97d-d965ccfc6d4b" outcome="Inconclusive" testListId="8c84fa94-04c1-424b-9868-57a2d4851a1d" relativeResultsDirectory="511e99fa-4e23-4d19-b601-36639c89b43f">
      <Output>
        <ErrorInfo>
          <Message>Assert.Inconclusive failed. A method that does not return a value cannot be verified.</Message>
          <StackTrace>   в ShaftTestProject.Form1Test.textBox6_TextChangedTest() в C:\Users\Yelisey\Desktop\RSAPR\Новая папка\Shaft\ShaftTestProject\Form1Test.cs:строка 211
</StackTrace>
        </ErrorInfo>
      </Output>
    </UnitTestResult>
    <UnitTestResult executionId="cfe142f4-00a3-4f1c-b128-a36c8f7dcebb" testId="fb5869dc-1fb4-3106-ead5-f9d228aecce1" testName="SpecificationGeneralConstructorTest" computerName="YELISEY-PROF" duration="00:00:00.0068038" startTime="2014-12-03T14:40:43.1755714+06:00" endTime="2014-12-03T14:40:43.1935915+06:00" testType="13cdc9d9-ddb5-4fa4-a97d-d965ccfc6d4b" outcome="Failed" testListId="8c84fa94-04c1-424b-9868-57a2d4851a1d" relativeResultsDirectory="cfe142f4-00a3-4f1c-b128-a36c8f7dcebb">
      <Output>
        <ErrorInfo>
          <Message>Assert.AreEqual failed. Expected:&lt;Сборка&gt;. Actual:&lt;Чертеж&gt;. </Message>
          <StackTrace>   в ShaftTestProject.SpecificationGeneralTest.SpecificationGeneralConstructorTest() в C:\Users\Yelisey\Desktop\RSAPR\Новая папка\Shaft\ShaftTestProject\SpecificationGeneralTest.cs:строка 28
</StackTrace>
        </ErrorInfo>
      </Output>
    </UnitTestResult>
    <UnitTestResult executionId="cfaa58f0-4740-4720-83ed-16c83170891d" testId="fd4da668-316c-9e96-c20a-cf2b54a9e309" testName="textBox2_TextChangedTest" computerName="YELISEY-PROF" duration="00:00:00.5945492" startTime="2014-12-03T14:40:43.1985922+06:00" endTime="2014-12-03T14:40:43.8031386+06:00" testType="13cdc9d9-ddb5-4fa4-a97d-d965ccfc6d4b" outcome="Inconclusive" testListId="8c84fa94-04c1-424b-9868-57a2d4851a1d" relativeResultsDirectory="cfaa58f0-4740-4720-83ed-16c83170891d">
      <Output>
        <ErrorInfo>
          <Message>Assert.Inconclusive failed. A method that does not return a value cannot be verified.</Message>
          <StackTrace>   в ShaftTestProject.Form1Test.textBox2_TextChangedTest() в C:\Users\Yelisey\Desktop\RSAPR\Новая папка\Shaft\ShaftTestProject\Form1Test.cs:строка 155
</StackTrace>
        </ErrorInfo>
      </Output>
    </UnitTestResult>
  </Results>
</TestRun>